images: START
0/18236
8/18236:ERROR#61_61_1_e1c81ceb-6c68-41b7-b0e7-d6e79199f90d
24/18236:ERROR#maligns_550_maligns_550_2_bb52c5f3-6cef-4209-8233-f9ce4b5c413e
46/18236:ERROR#330_330_1_c6fa909a-eb12-48d2-9ca8-3b06cd6ad3dd
63/18236:ERROR#maligns_572_maligns_572_1_a0237425-3b58-4543-a982-df80b7d9500e
63/18236:ERROR#maligns_572_maligns_572_1_a0237425-3b58-4543-a982-df80b7d9500e
64/18236:ERROR#246_246_1_519cedb0-99f1-40e9-93fa-ccdd100b1b9a
100/18236
102/18236:ERROR#maligns_639_maligns_639_1_e4152f07-8551-455d-b6f1-854d54d047d0
106/18236:ERROR#maligns_572_maligns_572_1_0e492a0b-e78f-4a11-b1bb-7a63a4ccd80d
111/18236:ERROR#156_156_2_eacabf75-f48d-4c5d-97cd-37aa7f478389
111/18236:ERROR#156_156_2_eacabf75-f48d-4c5d-97cd-37aa7f478389
111/18236:ERROR#156_156_2_eacabf75-f48d-4c5d-97cd-37aa7f478389
111/18236:ERROR#156_156_2_eacabf75-f48d-4c5d-97cd-37aa7f478389
111/18236:ERROR#156_156_2_eacabf75-f48d-4c5d-97cd-37aa7f478389
133/18236:ERROR#107_107_1_2bba0040-e48f-4c23-b98f-87ce951bf6da
140/18236:ERROR#12_12_1_3db72481-30d7-4f9b-b325-cb42c3609e99
141/18236:ERROR#100_100_1_9ed06798-a51d-4be2-8419-96b3b846f174
145/18236:ERROR#100_100_1_b37bdd0e-c0a7-4c6b-9b50-a6e9afb025bd
149/18236:ERROR#110_110_1_1705b68c-3c34-44c0-8869-b0a11dd9aab6
149/18236:ERROR#110_110_1_1705b68c-3c34-44c0-8869-b0a11dd9aab6
200/18236
249/18236:ERROR#100_100_1_8fe29e1e-1b23-4eaf-a353-b97f7aefe510
268/18236:ERROR#maligns_550_maligns_550_2_510f567f-68ec-445d-9c92-afb81c5f0484
281/18236:ERROR#313_313_1_532a6520-7e81-433d-ac12-470b1a9095d3
300/18236
325/18236:ERROR#243_243_1_dffb23bc-ac12-460f-8bd5-51d31cdd32e2
330/18236:ERROR#187_187_1_9f34529d-7413-4e1b-9a65-448f02a3bba0
358/18236:ERROR#60_60_1_3d8b2dc7-ba68-450f-a4c8-59a4907fc049
367/18236:ERROR#60_60_1_491e91a8-7019-4ec9-8f1b-633a02e64259
390/18236:ERROR#maligns_550_maligns_550_1_a0e160da-56ae-417e-8013-5608cfc73df5
400/18236
491/18236:ERROR#maligns_601_maligns_601_1_02020186-d233-4d8d-89a2-d249bbde7fb0
498/18236:ERROR#maligns_545_maligns_545_1_f129d861-a32c-46ce-9f5a-4984004c54c3
498/18236:ERROR#maligns_545_maligns_545_1_f129d861-a32c-46ce-9f5a-4984004c54c3
500/18236
501/18236:ERROR#107_107_1_9ae17d83-2580-4727-a69b-52805e9e2e43
539/18236:ERROR#60_60_1_3f0222fc-be27-4cab-9365-008b5f13d1e3
561/18236:ERROR#274_274_1_1dc31e6c-c065-4fcf-b322-3a5a4ad6adb0
600/18236
600/18236:ERROR#337_337_2_5d4fc3aa-e778-42f7-b13b-f43a7c1c60ed
620/18236:ERROR#187_187_1_e6f9f022-0dfb-4c3b-b4cc-717301fd1fec
628/18236:ERROR#210_210_3_f95906d9-9703-4240-a810-5700c57ec885
638/18236:ERROR#337_337_3_d4381c6f-b2d7-4365-968d-09f8f77aa589
700/18236
784/18236:ERROR#187_187_1_ef9586fa-4211-4fe4-9a4e-a70289a8413b
786/18236:ERROR#97_97_1_53e95455-67a0-4068-add6-37d857c8d74d
800/18236
809/18236:ERROR#163_163_1_72dd681a-60a1-4049-a7f3-6a326719676b
824/18236:ERROR#100_100_1_3526a147-c74e-4987-b6fa-bbd2746d1b13
824/18236:ERROR#100_100_1_3526a147-c74e-4987-b6fa-bbd2746d1b13
824/18236:ERROR#100_100_1_3526a147-c74e-4987-b6fa-bbd2746d1b13
838/18236:ERROR#60_60_1_92869fa4-3ccf-47cb-9897-962bd127c440
865/18236:ERROR#maligns_550_maligns_550_2_a42e6495-ddd4-49ed-9748-162e04255f38
873/18236:ERROR#230_230_1_b6fba2f3-192c-48b8-a480-ae456b616326
874/18236:ERROR#maligns_550_maligns_550_2_4e6923c8-bd87-4ecf-83cc-cc0868d593fc
874/18236:ERROR#maligns_550_maligns_550_2_4e6923c8-bd87-4ecf-83cc-cc0868d593fc
900/18236
916/18236:ERROR#maligns_550_maligns_550_3_38054e6b-de83-4b4b-afe9-7f001f64a010
916/18236:ERROR#maligns_550_maligns_550_3_38054e6b-de83-4b4b-afe9-7f001f64a010
930/18236:ERROR#283_283_1_803aafe5-f198-4193-8581-1b1880cec4e4
938/18236:ERROR#330_330_1_a887da37-a540-4fba-8806-6b6ad368b373
951/18236:ERROR#100_100_1_73cfa6df-bf89-4a2c-bff5-47a770bb1e71
961/18236:ERROR#100_100_1_8785d598-78cf-4961-827a-7f4166a25f4e
961/18236:ERROR#100_100_1_8785d598-78cf-4961-827a-7f4166a25f4e
968/18236:ERROR#337_337_2_6178759d-6fc7-46a7-b06a-964e27d1042d
982/18236:ERROR#177_177_2_7914f991-d9e3-4647-89ac-ec5658ef8eb0
982/18236:ERROR#177_177_2_7914f991-d9e3-4647-89ac-ec5658ef8eb0
982/18236:ERROR#177_177_2_7914f991-d9e3-4647-89ac-ec5658ef8eb0
1000/18236
1035/18236:ERROR#72_72_1_06cfcff3-087b-4278-a297-9a2a4543f795
1056/18236:ERROR#274_274_1_65aac088-2d66-46e7-96e1-52f2627fdea0
1077/18236:ERROR#100_100_1_e04691d9-df51-431d-b7d8-3b1b14507f82
1081/18236:ERROR#337_337_3_175c16bf-7a5b-4859-ae9b-457e0d0d1e12
1081/18236:ERROR#337_337_3_175c16bf-7a5b-4859-ae9b-457e0d0d1e12
1081/18236:ERROR#337_337_3_175c16bf-7a5b-4859-ae9b-457e0d0d1e12
1100/18236
1116/18236:ERROR#274_274_1_7bd9e3f0-1933-44e7-86d2-73462b1b6f2c
1153/18236:ERROR#maligns_639_maligns_639_1_68be2cde-90f0-4e71-8754-da85b273e07e
1156/18236:ERROR#maligns_639_maligns_639_1_a3c54d39-dc85-466a-ac20-2d95743f1844
1165/18236:ERROR#246_246_1_d06b4647-3cb6-4950-bcd8-1467f249f2cc
1200/18236
1229/18236:ERROR#342_342_1_a50ce60e-6855-4dec-bef1-12591b06cf79
1229/18236:ERROR#342_342_1_a50ce60e-6855-4dec-bef1-12591b06cf79
1229/18236:ERROR#342_342_1_a50ce60e-6855-4dec-bef1-12591b06cf79
1250/18236:ERROR#330_330_1_78c3c780-bb4a-4cea-826e-a61f21f4fabf
1282/18236:ERROR#maligns_550_maligns_550_2_06dd2e13-c297-4887-9e14-0886a3ec516e
1283/18236:ERROR#210_210_3_aaab967e-8079-435a-80ff-35652cd08ede
1300/18236
1317/18236:ERROR#12_12_1_614eb231-8401-4b79-886f-02adac733bc0
1317/18236:ERROR#12_12_1_614eb231-8401-4b79-886f-02adac733bc0
1319/18236:ERROR#49_49_1_96cf88de-4e7e-4017-874e-ddc4449911d8
1345/18236:ERROR#337_337_3_20d3f52f-25b5-4c06-9623-77b7b8b52d88
1362/18236:ERROR#100_100_1_fd611179-a098-4dd8-bea7-54f5385df0df
1400/18236
1409/18236:ERROR#230_230_1_4aa57c4d-f4f4-44e8-8769-acf966cca657
1435/18236:ERROR#56_56_1_8a61ee58-0043-4801-ab9f-aedadabdf26d
1460/18236:ERROR#60_60_1_49fa00df-74ef-47c0-aef7-d314027e78f2
1495/18236:ERROR#maligns_644_maligns_644_1_025fee55-3479-4bc0-88c3-583f0bab015a
1500/18236
1506/18236:ERROR#56_56_1_375ffa50-8738-4ebc-825a-e02123caa80f
1508/18236:ERROR#maligns_550_maligns_550_2_34ff481c-b206-4b2a-950e-7441a2c514bc
1512/18236:ERROR#367_367_2_97b9bdb5-96fa-43a3-bfc3-e3886cf8793f
1565/18236:ERROR#337_337_1_a44d3cab-323a-4f29-80c4-9045e4c18870
1576/18236:ERROR#344_344_1_fd8f6e99-1a4e-4d52-9a3f-8a0f78c36b21
1579/18236:ERROR#246_246_1_6d96611f-8145-4600-a3b9-129ab6d05681
1592/18236:ERROR#maligns_563_maligns_563_2_3b8f7c56-4b6a-4c96-bdf5-fc9160b824e7
1596/18236:ERROR#60_60_1_dc6ee30d-5e2a-41d8-a638-57878aa3fd27
1600/18236
1606/18236:ERROR#330_330_1_bccb8c2d-5fa6-4e0a-8fb9-cc2b7a7caecc
1614/18236:ERROR#106_106_4_2b77498b-dc13-4ddb-9653-564f8c4ab955
1641/18236:ERROR#274_274_1_2aa589f2-db84-40f9-9bc3-a271baced5aa
1655/18236:ERROR#210_210_3_d487150b-01e5-4ca6-b6d9-78a3fdbca29c
1669/18236:ERROR#330_330_1_18406ff6-5e0a-4678-8932-a7d3eb908a86
1688/18236:ERROR#maligns_639_maligns_639_1_a17edad1-adac-4536-8fb1-1e98cd728a72
1695/18236:ERROR#maligns_644_maligns_644_1_6a3d1efb-c8ca-49c1-8026-3b6d709ddfac
1700/18236
1700/18236:ERROR#60_60_1_fd82c8d1-8fc0-4595-b359-8a17400b7383
1707/18236:ERROR#337_337_2_305286db-6f2f-47fa-bc95-3731f6f63b67
1717/18236:ERROR#170_170_1_1bc00ae8-31cf-4115-8ccd-1aea76bf71dd
1732/18236:ERROR#187_187_1_9b84daa8-b727-46fc-bbe0-a205720edf00
1763/18236:ERROR#163_163_1_20b8aaa1-99b7-4b73-81ec-f26655a1fb9c
1765/18236:ERROR#210_210_3_9c07a6fb-cec9-4194-bec7-a397bca2468b
1770/18236:ERROR#202_202_1_0a5dc290-f9f4-4533-ae5b-cc5dcd20f697
1800/18236
1853/18236:ERROR#235_235_1_5219bc80-c135-445b-8e87-28784945c323
1855/18236:ERROR#56_56_1_561736e0-0e71-40c8-bc62-8c4ce1705c70
1880/18236:ERROR#212_212_1_6c8e4271-7d14-404c-a8d3-22d52622cd8a
1892/18236:ERROR#69_69_1_b32075eb-5cd2-4c34-ab81-93f6b7038cfb
1900/18236
1908/18236:ERROR#156_156_2_c3c3a326-c5f9-41d2-a5eb-dc0c7dc1c640
1908/18236:ERROR#156_156_2_c3c3a326-c5f9-41d2-a5eb-dc0c7dc1c640
1908/18236:ERROR#156_156_2_c3c3a326-c5f9-41d2-a5eb-dc0c7dc1c640
1911/18236:ERROR#100_100_1_06ddd7d2-9419-4437-abbb-f69c9c477f8e
1923/18236:ERROR#283_283_1_f4a7992c-07f1-4b75-ab95-6641ac43ea9c
1985/18236:ERROR#274_274_1_d7ece02e-8f91-4122-9c5e-2af69eb1adf6
2000/18236
2002/18236:ERROR#342_342_1_04ad6a86-7a65-4e6e-be2c-8e9b581254d6
2053/18236:ERROR#337_337_3_b0166d18-d311-4ca6-8f74-9740077ba344
2053/18236:ERROR#337_337_3_b0166d18-d311-4ca6-8f74-9740077ba344
2053/18236:ERROR#337_337_3_b0166d18-d311-4ca6-8f74-9740077ba344
2053/18236:ERROR#337_337_3_b0166d18-d311-4ca6-8f74-9740077ba344
2100/18236
2101/18236:ERROR#170_170_1_7f7b2c4d-b246-4683-b117-07a35e36908d
2135/18236:ERROR#maligns_572_maligns_572_1_366e55e1-e846-4593-9764-21e8c227e5f7
2135/18236:ERROR#maligns_572_maligns_572_1_366e55e1-e846-4593-9764-21e8c227e5f7
2135/18236:ERROR#maligns_572_maligns_572_1_366e55e1-e846-4593-9764-21e8c227e5f7
2135/18236:ERROR#maligns_572_maligns_572_1_366e55e1-e846-4593-9764-21e8c227e5f7
2187/18236:ERROR#210_210_3_d48ecd79-f31c-40e3-a6b3-27d90be10af3
2189/18236:ERROR#maligns_572_maligns_572_1_a8a8c81c-d4b7-4f6d-8df5-d9c41d23c098
2200/18236
2251/18236:ERROR#maligns_550_maligns_550_3_dc44758a-528f-4129-88ad-76c9e1599c92
2251/18236:ERROR#maligns_550_maligns_550_3_dc44758a-528f-4129-88ad-76c9e1599c92
2251/18236:ERROR#maligns_550_maligns_550_3_dc44758a-528f-4129-88ad-76c9e1599c92
2255/18236:ERROR#170_170_1_5b9b72ec-e4b9-4312-a355-9eeef75cf0c2
2265/18236:ERROR#337_337_3_38483ab4-456c-4099-bc16-6fc5d77f956a
2265/18236:ERROR#337_337_3_38483ab4-456c-4099-bc16-6fc5d77f956a
2265/18236:ERROR#337_337_3_38483ab4-456c-4099-bc16-6fc5d77f956a
2272/18236:ERROR#243_243_1_c63270a6-c24d-4d1b-b5aa-d338c3edaa6d
2300/18236
2300/18236:ERROR#337_337_2_078cf79a-1886-4fc2-9c44-dd706e605b2b
2304/18236:ERROR#maligns_639_maligns_639_1_6406b315-9ecc-447d-81c4-19f3a4c19845
2310/18236:ERROR#56_56_1_ba573178-d831-4422-b952-07636823cf1b
2311/18236:ERROR#69_69_1_edf65e6b-5679-4691-b1d4-fe70a3f848a3
2312/18236:ERROR#337_337_2_e14ae0e2-e664-4c05-9099-25a4d62b3063
2340/18236:ERROR#219_219_1_41a971ba-e3dd-4b67-80f5-50e2ea5b40ce
2352/18236:ERROR#maligns_550_maligns_550_1_2d7be102-4fcb-4318-bed8-8d905d9d0e52
2375/18236:ERROR#benigns_607_benigns_607_1_6fa3bcf6-bbbc-4c04-8256-ac91934e9ca8
2400/18236
2454/18236:ERROR#253_253_1_3109266d-6d34-4f44-8cd4-120d4bb70e9f
2454/18236:ERROR#253_253_1_3109266d-6d34-4f44-8cd4-120d4bb70e9f
2454/18236:ERROR#253_253_1_3109266d-6d34-4f44-8cd4-120d4bb70e9f
2471/18236:ERROR#243_243_1_fbe411ac-c8ca-49c8-b974-6e5fde4a1f3b
2478/18236:ERROR#110_110_1_c91994d1-42a2-49e2-ba7e-6b3fb437d5d7
2478/18236:ERROR#110_110_1_c91994d1-42a2-49e2-ba7e-6b3fb437d5d7
2478/18236:ERROR#110_110_1_c91994d1-42a2-49e2-ba7e-6b3fb437d5d7
2478/18236:ERROR#110_110_1_c91994d1-42a2-49e2-ba7e-6b3fb437d5d7
2490/18236:ERROR#12_12_1_cc45535c-25ea-4c62-8e66-9e9c3f5c720e
2500/18236
2509/18236:ERROR#274_274_1_e27aa877-9544-47f9-8c9b-031e7878a588
2514/18236:ERROR#243_243_1_96dc12e2-76a4-4bf9-a938-113d97150606
2524/18236:ERROR#256_256_1_dc228a92-342a-48b5-bf89-0f5fd6648e62
2538/18236:ERROR#maligns_550_maligns_550_2_78811b51-8109-49cf-9021-ae3f4357eabe
2545/18236:ERROR#66_66_1_63c9509c-943f-45eb-96b8-1840b2b4d3c5
2577/18236:ERROR#187_187_1_7117a848-ed88-447e-b0b7-3af0460e456e
2583/18236:ERROR#66_66_1_ea4a001d-b413-4b4e-8f3e-232f6fc8ffd8
2586/18236:ERROR#84_84_1_84ef1b62-2966-4483-bb34-d6127419c04d
2594/18236:ERROR#60_60_1_96f4d4e6-5250-4717-b257-f74004758504
2600/18236
2612/18236:ERROR#230_230_1_e24e3edd-5635-4282-936f-6e554f807584
2623/18236:ERROR#66_66_1_e9a4ea80-581b-4432-afc4-35ab3182901a
2630/18236:ERROR#344_344_1_61e84694-74ba-4d8f-af85-17b46666f6d4
2651/18236:ERROR#253_253_1_e0ca481b-86d1-4fa0-bff6-4f791d5d22b3
2658/18236:ERROR#36_36_1_5571b51c-9321-4a20-8841-42afa5c8af36
2659/18236:ERROR#100_100_1_88d2d837-9e0b-4c1f-bcfc-f60459d7a224
2666/18236:ERROR#283_283_1_eeac7a0d-e470-4552-921f-756b318982f2
2687/18236:ERROR#72_72_1_316276f7-da5d-4ab1-8b42-92da54086aa1
2700/18236
2707/18236:ERROR#156_156_2_e4e2760f-eb63-4921-8c73-0ecb972d4039
2707/18236:ERROR#156_156_2_e4e2760f-eb63-4921-8c73-0ecb972d4039
2710/18236:ERROR#235_235_1_7a27cc02-5507-44e5-9c57-2f3cf99279c5
2768/18236:ERROR#maligns_639_maligns_639_1_84cbecad-a14d-4e0b-9406-e35d6610519b
2785/18236:ERROR#107_107_1_3938a8dc-b6a6-4ab2-98b2-2b92cc6ad2d2
2800/18236
2854/18236:ERROR#330_330_1_2865a1f2-f4e7-42eb-bc84-182768d113ec
2857/18236:ERROR#97_97_1_086b7453-1657-40d8-be2c-f13b11675434
2868/18236:ERROR#maligns_563_maligns_563_2_4337589b-1801-45c5-a542-1a597d3af1ed
2879/18236:ERROR#230_230_1_79f79c65-6af7-49e5-baac-51de1843a287
2886/18236:ERROR#66_66_1_35ede1d3-2480-4321-82b0-6bfbc6ea186c
2900/18236
2905/18236:ERROR#110_110_1_e27d8561-88b9-412c-8fbf-c6d1e66eb120
2931/18236:ERROR#170_170_1_55c84e75-9e23-4c1f-87f7-c05a14b11bf5
2965/18236:ERROR#170_170_1_02578202-1dbb-4f94-b032-189d365ad371
2972/18236:ERROR#69_69_1_8f9a1b4c-5710-428a-8223-5670848f72cc
2982/18236:ERROR#100_100_1_ea2c3254-6733-4203-8781-862955f05dca
3000/18236
3039/18236:ERROR#274_274_1_ae6c3de5-b982-43bc-b754-1172c440edbe
3056/18236:ERROR#56_56_1_089756d3-3dc5-4957-b9d1-fa027299b89b
3058/18236:ERROR#maligns_550_maligns_550_2_bd15e08d-7211-4ad9-8736-ca9ecfb7d70b
3100/18236
3150/18236:ERROR#337_337_3_7b09b0d2-39c7-4061-affa-ceadd0bf349d
3150/18236:ERROR#337_337_3_7b09b0d2-39c7-4061-affa-ceadd0bf349d
3150/18236:ERROR#337_337_3_7b09b0d2-39c7-4061-affa-ceadd0bf349d
3153/18236:ERROR#60_60_1_ec67d2ff-bc76-43ed-bcfa-e7153596f0e5
3160/18236:ERROR#61_61_1_db73dc48-9b9c-4386-995c-c99642886464
3182/18236:ERROR#maligns_601_maligns_601_1_d45dbf40-67cb-40f7-9586-b176841c9c5d
3200/18236
3217/18236:ERROR#maligns_550_maligns_550_1_c8475526-3736-488a-b23f-8737d82fd75a
3230/18236:ERROR#235_235_1_f5713a76-49b7-4670-b700-c3f9041f11b5
3248/18236:ERROR#84_84_1_bbfb3ac3-8c3f-4cd3-ac82-a30b10259e9d
3248/18236:ERROR#84_84_1_bbfb3ac3-8c3f-4cd3-ac82-a30b10259e9d
3260/18236:ERROR#235_235_1_afcae5e2-a77a-4657-9c30-69ff11d43d49
3283/18236:ERROR#125_125_1_eebb33f8-7194-4af0-b17e-8e9d65f9ba31
3300/18236
3308/18236:ERROR#56_56_1_20f63085-3ef7-4b77-a32e-b478c044543e
3316/18236:ERROR#156_156_2_6fdcf55b-e624-47fe-ace5-cefda07baad0
3316/18236:ERROR#156_156_2_6fdcf55b-e624-47fe-ace5-cefda07baad0
3327/18236:ERROR#187_187_1_0144ba41-96eb-48d1-af53-d561236cda9d
3355/18236:ERROR#maligns_601_maligns_601_1_e28e2f82-7e1f-4452-9c37-0ab06147c846
3356/18236:ERROR#110_110_1_815ce680-5ec0-499e-b616-11e639d97ef7
3360/18236:ERROR#187_187_1_30c64aac-c26b-42f2-afa4-f0d96997a3b5
3365/18236:ERROR#maligns_601_maligns_601_1_6f440132-99c4-428f-9f63-d666dd65d56f
3387/18236:ERROR#177_177_2_a99342f6-b431-4be4-8f73-1ccaa3f51a24
3400/18236
3422/18236:ERROR#156_156_2_8324f7a7-df26-4427-b95f-101e7b0b94ed
3422/18236:ERROR#156_156_2_8324f7a7-df26-4427-b95f-101e7b0b94ed
3422/18236:ERROR#156_156_2_8324f7a7-df26-4427-b95f-101e7b0b94ed
3422/18236:ERROR#156_156_2_8324f7a7-df26-4427-b95f-101e7b0b94ed
3422/18236:ERROR#156_156_2_8324f7a7-df26-4427-b95f-101e7b0b94ed
3447/18236:ERROR#56_56_1_dee328f7-0a28-4809-8c29-148872eef0e9
3474/18236:ERROR#313_313_1_8a351417-db57-4ca6-8d10-ea7a2739d8d0
3480/18236:ERROR#maligns_550_maligns_550_2_cacc6e4e-325f-4144-a674-782865ffdd2f
3500/18236
3501/18236:ERROR#243_243_1_9ba6af38-bab1-40a1-be7a-9bb10c8143d2
3517/18236:ERROR#337_337_2_0c28c6ae-874d-4fb7-9d35-fdff42700811
3518/18236:ERROR#367_367_2_e2920541-8a00-4495-8c9b-49f57026460d
3530/18236:ERROR#170_170_1_9bc395e0-4f54-45bd-9203-678a263d1367
3539/18236:ERROR#maligns_572_maligns_572_1_ccec7d7b-1c52-4c18-b3cf-805987960ed4
3539/18236:ERROR#maligns_572_maligns_572_1_ccec7d7b-1c52-4c18-b3cf-805987960ed4
3539/18236:ERROR#maligns_572_maligns_572_1_ccec7d7b-1c52-4c18-b3cf-805987960ed4
3600/18236
3667/18236:ERROR#337_2
3675/18236:ERROR#maligns_545_maligns_545_1_ddf91b48-3530-42ce-be7e-ab88422fe4ba
3675/18236:ERROR#maligns_545_maligns_545_1_ddf91b48-3530-42ce-be7e-ab88422fe4ba
3687/18236:ERROR#maligns_644_maligns_644_1_21fc7e17-6538-4851-8b15-3610d083614b
3688/18236:ERROR#97_97_1_c99a8b13-399e-4903-bd61-c3b74002919a
3700/18236
3766/18236:ERROR#210_210_3_5e6c6d61-48a6-4657-a973-25fab7ae62ce
3782/18236:ERROR#66_66_1_e924115a-45c1-4339-88e7-269a640e343f
3786/18236:ERROR#62_62_1_f5f31e55-62ed-4cbe-92f6-d27d937914e8
3800/18236
3802/18236:ERROR#110_110_1_8ee4e57f-7521-4e40-9ca9-69914857bcb9
3802/18236:ERROR#110_110_1_8ee4e57f-7521-4e40-9ca9-69914857bcb9
3802/18236:ERROR#110_110_1_8ee4e57f-7521-4e40-9ca9-69914857bcb9
3830/18236:ERROR#maligns_550_maligns_550_2_9c3b2b63-2f22-4a0b-9cdd-a17609b9982a
3849/18236:ERROR#246_246_1_0a5bf3f3-96fd-4c22-9000-8d1a49460ede
3898/18236:ERROR#330_330_1_924a5741-b2e8-4344-8a5f-eef700d309f4
3900/18236
3903/18236:ERROR#maligns_550_maligns_550_2_7f742f26-6e18-4961-a4d0-368b8521b35f
3919/18236:ERROR#337_337_2_5c06e615-cae3-4c66-8b4e-053f97758b66
3927/18236:ERROR#337_337_3_c914b37a-827a-473c-9727-fc3844afff23
3927/18236:ERROR#337_337_3_c914b37a-827a-473c-9727-fc3844afff23
3927/18236:ERROR#337_337_3_c914b37a-827a-473c-9727-fc3844afff23
3927/18236:ERROR#337_337_3_c914b37a-827a-473c-9727-fc3844afff23
3927/18236:ERROR#337_337_3_c914b37a-827a-473c-9727-fc3844afff23
3974/18236:ERROR#61_61_1_e768aeac-f55c-4c1f-85ff-108ea51ea715
3983/18236:ERROR#156_156_2_569108f9-f811-4545-9d1d-a7c6bdcf1cc4
3983/18236:ERROR#156_156_2_569108f9-f811-4545-9d1d-a7c6bdcf1cc4
3983/18236:ERROR#156_156_2_569108f9-f811-4545-9d1d-a7c6bdcf1cc4
3983/18236:ERROR#156_156_2_569108f9-f811-4545-9d1d-a7c6bdcf1cc4
3983/18236:ERROR#156_156_2_569108f9-f811-4545-9d1d-a7c6bdcf1cc4
3995/18236:ERROR#maligns_639_maligns_639_1_cf9df15c-3921-40c6-8480-12adf770459f
3995/18236:ERROR#maligns_639_maligns_639_1_cf9df15c-3921-40c6-8480-12adf770459f
4000/18236
4004/18236:ERROR#233_233_2_bf6929fb-7a22-493d-8b54-7861f7141cd8
4033/18236:ERROR#337_337_3_0406f18b-f0c7-486b-a323-4f89cbdf49f9
4042/18236:ERROR#115_115_1_770b145c-7cb0-4f94-a269-076e99745ddc
4046/18236:ERROR#230_230_1_26a71b5c-2dde-4483-9b26-8926742d9a29
4077/18236:ERROR#337_337_3_17069e18-14c2-4cb1-a9d1-81e7977370cc
4077/18236:ERROR#337_337_3_17069e18-14c2-4cb1-a9d1-81e7977370cc
4077/18236:ERROR#337_337_3_17069e18-14c2-4cb1-a9d1-81e7977370cc
4100/18236
4106/18236:ERROR#60_60_1_3359d6c5-36d2-4655-b27d-01ce71a0adac
4149/18236:ERROR#maligns_639_maligns_639_1_a2f156e4-3730-4af9-81b8-d36735b5222d
4200/18236
4203/18236:ERROR#56_56_1_75a2c022-e043-43af-b085-a06759513c8c
4208/18236:ERROR#230_230_1_766a8e1c-e668-4a26-9b34-494b2bcc40b8
4217/18236:ERROR#maligns_545_maligns_545_1_5b5f6f31-bf89-4ebb-aabd-86a783a4a946
4258/18236:ERROR#100_100_1_f4c58dcc-1b0b-46b5-82c9-ce9b1388a646
4258/18236:ERROR#100_100_1_f4c58dcc-1b0b-46b5-82c9-ce9b1388a646
4300/18236
4329/18236:ERROR#235_235_1_225e813d-36a2-4a4a-83c6-6a995a1bd309
4346/18236:ERROR#maligns_639_maligns_639_1_5e69cecd-31a7-4af4-8c3b-baffa62893b9
4346/18236:ERROR#maligns_639_maligns_639_1_5e69cecd-31a7-4af4-8c3b-baffa62893b9
4400/18236
4445/18236:ERROR#100_100_1_229f9f6f-0b73-418b-990c-f652029594f7
4445/18236:ERROR#100_100_1_229f9f6f-0b73-418b-990c-f652029594f7
4482/18236:ERROR#337_337_2_72d74cfe-54f8-4a90-b25f-f903458764bd
4490/18236:ERROR#84_84_1_88ac06b3-6ec0-4a59-9c83-387c9cd30636
4497/18236:ERROR#337_337_3_7ed1b2bd-d11e-4062-a2f8-3caf5a554f27
4497/18236:ERROR#337_337_3_7ed1b2bd-d11e-4062-a2f8-3caf5a554f27
4497/18236:ERROR#337_337_3_7ed1b2bd-d11e-4062-a2f8-3caf5a554f27
4497/18236:ERROR#337_337_3_7ed1b2bd-d11e-4062-a2f8-3caf5a554f27
4497/18236:ERROR#337_337_3_7ed1b2bd-d11e-4062-a2f8-3caf5a554f27
4497/18236:ERROR#337_337_3_7ed1b2bd-d11e-4062-a2f8-3caf5a554f27
4497/18236:ERROR#337_337_3_7ed1b2bd-d11e-4062-a2f8-3caf5a554f27
4500/18236
4526/18236:ERROR#maligns_545_maligns_545_1_3b5f0341-2efc-40de-99c1-8264ee5a26a1
4528/18236:ERROR#12_12_1_d1a10f28-e8a4-4fe2-b3b6-9ef195bfd58e
4529/18236:ERROR#239_239_1_de8af16d-08b8-43a2-8012-00ceef496d3a
4545/18236:ERROR#56_56_1_8fcce4b8-1df4-461d-8b86-f81d6c349a1c
4549/18236:ERROR#156_156_2_2d0a9491-0e07-4740-a64f-f1bf51a1c1b5
4549/18236:ERROR#156_156_2_2d0a9491-0e07-4740-a64f-f1bf51a1c1b5
4549/18236:ERROR#156_156_2_2d0a9491-0e07-4740-a64f-f1bf51a1c1b5
4549/18236:ERROR#156_156_2_2d0a9491-0e07-4740-a64f-f1bf51a1c1b5
4549/18236:ERROR#156_156_2_2d0a9491-0e07-4740-a64f-f1bf51a1c1b5
4549/18236:ERROR#156_156_2_2d0a9491-0e07-4740-a64f-f1bf51a1c1b5
4561/18236:ERROR#330_330_1_c629ed5a-8d3f-4b7c-8d9b-2a6120dbe918
4566/18236:ERROR#maligns_545_maligns_545_1_7a54d7f6-fad5-423d-bcd3-b65481d6d76a
4566/18236:ERROR#maligns_545_maligns_545_1_7a54d7f6-fad5-423d-bcd3-b65481d6d76a
4567/18236:ERROR#72_72_1_c31fd43c-05ca-444a-b841-d7bbcd4b4154
4582/18236:ERROR#330_330_1_451a841c-c3eb-4949-99ab-d75dd4e13322
4586/18236:ERROR#337_337_2_ec10c47d-5a98-4a1f-b8bb-e89573bf2a33
4600/18236
4604/18236:ERROR#274_274_1_e1ac909a-67f3-4095-ae17-5c896c7b7813
4608/18236:ERROR#36_36_1_12522188-adda-4ec2-9564-c30c18a036ff
4611/18236:ERROR#246_246_1_b63ae159-93da-4a3e-a3a7-6b18fc499bd0
4664/18236:ERROR#106_106_4_87cc9ffb-dab0-45fc-a3aa-2b5288f821fb
4671/18236:ERROR#253_253_1_0c7628c9-1e71-4211-adc0-50282518534c
4672/18236:ERROR#74_74_1_577f74d9-10e9-4517-8d59-715ece42c0c4
4695/18236:ERROR#66_66_1_8de0e486-90b6-4050-b4a2-f72238b3977e
4699/18236:ERROR#56_56_1_73b9ae5a-b33c-4a07-9031-76759037ccf1
4700/18236
4710/18236:ERROR#maligns_563_maligns_563_2_50616f71-e4fd-4de7-98ec-2241f1f6996b
4711/18236:ERROR#maligns_601_maligns_601_1_2e41d0a1-fcda-4d11-bb43-8994acd861a4
4752/18236:ERROR#313_313_1_14e3cc8b-9c58-49b9-b640-db9f5f8e525d
4800/18236
4800/18236:ERROR#61_61_1_bd9d91b5-0308-4dcf-95d8-d2acce9a5972
4805/18236:ERROR#maligns_639_maligns_639_1_b3889801-01f0-4a38-a09c-84e20fdac87f
4816/18236:ERROR#maligns_639_maligns_639_1_41e54cac-fd91-48ea-8ec4-2c770c451c01
4877/18236:ERROR#367_367_2_472441e2-2b25-4ab3-843f-6c7613d74bbd
4900/18236
4914/18236:ERROR#235_235_1_d61f4b95-3936-447f-8a19-e52846d21ff8
4937/18236:ERROR#246_246_1_b3b79327-9a0b-4726-887b-daeb8af2b86c
4949/18236:ERROR#156_156_2_7073da8a-f77e-460d-be81-b3375057d4c4
4949/18236:ERROR#156_156_2_7073da8a-f77e-460d-be81-b3375057d4c4
4949/18236:ERROR#156_156_2_7073da8a-f77e-460d-be81-b3375057d4c4
4949/18236:ERROR#156_156_2_7073da8a-f77e-460d-be81-b3375057d4c4
4949/18236:ERROR#156_156_2_7073da8a-f77e-460d-be81-b3375057d4c4
4957/18236:ERROR#maligns_550_maligns_550_2_318a3d93-401d-474b-b44a-6b63311e6971
4974/18236:ERROR#177_177_2_09e137bf-0762-472d-a99b-30c8c0afed7f
5000/18236
5025/18236:ERROR#97_97_1_8a9d3a15-d526-4307-9efd-633fd2f6925a
5026/18236:ERROR#230_230_1_88c206a2-0364-453e-87f9-192fa163d9b3
5058/18236:ERROR#66_66_1_fcfebb6e-eb28-475f-a046-3624c3f659ca
5059/18236:ERROR#66_66_1_bdc2b7ec-9d6c-4f12-89dd-ccc4979c82aa
5096/18236:ERROR#72_72_1_57d5293e-f9a5-4f58-b1c6-8e326a0722fb
5100/18236
5108/18236:ERROR#219_219_1_350b193b-d752-4a22-9da5-7348dc9a2c53
5119/18236:ERROR#219_219_1_e02b35c1-5fe0-45fe-b9a7-f7c36d65c50f
5119/18236:ERROR#219_219_1_e02b35c1-5fe0-45fe-b9a7-f7c36d65c50f
5122/18236:ERROR#maligns_601_maligns_601_1_1dbbf8ab-5b31-4091-9b9b-46272c0488cc
5199/18236:ERROR#230_230_1_7b4f9fe8-a27c-49ef-a03a-6b25dea7a808
5200/18236
5224/18236:ERROR#maligns_550_maligns_550_3_ff5b96a3-edfb-4190-b958-e5ccdcce9199
5231/18236:ERROR#174_174_1_5dab5cdc-7030-4b0f-86e3-18aaf99a15a0
5267/18236:ERROR#maligns_550_maligns_550_3_19fe56d7-e354-40dd-8632-b2c57455c500
5267/18236:ERROR#maligns_550_maligns_550_3_19fe56d7-e354-40dd-8632-b2c57455c500
5267/18236:ERROR#maligns_550_maligns_550_3_19fe56d7-e354-40dd-8632-b2c57455c500
5267/18236:ERROR#maligns_550_maligns_550_3_19fe56d7-e354-40dd-8632-b2c57455c500
5267/18236:ERROR#maligns_550_maligns_550_3_19fe56d7-e354-40dd-8632-b2c57455c500
5267/18236:ERROR#maligns_550_maligns_550_3_19fe56d7-e354-40dd-8632-b2c57455c500
5267/18236:ERROR#maligns_550_maligns_550_3_19fe56d7-e354-40dd-8632-b2c57455c500
5278/18236:ERROR#177_177_2_9d07fd27-28b2-4f48-9a4a-4a375179a271
5297/18236:ERROR#187_187_1_728f1ceb-cfbd-49db-9058-f54150943a21
5300/18236
5335/18236:ERROR#66_1
5348/18236:ERROR#274_274_1_4458e897-6fae-476f-9fdc-be4efa237e8a
5361/18236:ERROR#69_69_1_faef2b65-8e02-4cf9-9d32-6eed01a739be
5400/18236
5452/18236:ERROR#66_66_1_2cc86d8c-ecce-4022-9fdc-8a3369f4c63a
5455/18236:ERROR#maligns_563_maligns_563_2_8cff8b3b-5886-4724-b409-57efb5af7548
5455/18236:ERROR#maligns_563_maligns_563_2_8cff8b3b-5886-4724-b409-57efb5af7548
5486/18236:ERROR#107_107_1_8b593b6a-4e5b-47e6-9c54-5a59f5ca9333
5490/18236:ERROR#66_66_1_b8a78c0c-5162-4924-9f5a-b768030c1116
5500/18236
5519/18236:ERROR#283_283_1_b0cb1b89-fd2b-4e76-863c-349b53368431
5544/18236:ERROR#253_253_1_e36ab3db-7422-419d-b04d-efde484b0fca
5544/18236:ERROR#253_253_1_e36ab3db-7422-419d-b04d-efde484b0fca
5578/18236:ERROR#60_60_1_1cecb04b-306c-4a93-955c-dae034b4d02e
5600/18236
5606/18236:ERROR#253_253_1_17e9d594-a5e7-47a5-8160-b1fb3fc68c2d
5665/18236:ERROR#177_177_2_09c97f2c-3d76-44da-a138-183efc17ac7a
5675/18236:ERROR#61_61_1_9ab86226-cbfd-499e-bd6b-3365b53c2806
5700/18236
5715/18236:ERROR#maligns_545_maligns_545_1_d684eb2e-a299-4bb8-9430-7fdf68218b87
5761/18236:ERROR#219_219_1_59aca682-a9b5-4fbb-bc1a-fe2cc38e3753
5773/18236:ERROR#60_60_1_ad15d7f2-a191-4bb4-bb14-37c409ae48d2
5775/18236:ERROR#274_274_1_32d9c295-a38d-4e76-8288-25f0b6f82ad6
5800/18236
5837/18236:ERROR#243_243_1_ce3e924c-c630-40ff-993b-7456dddcc1fa
5851/18236:ERROR#maligns_563_maligns_563_2_5e40f731-a4af-4a65-9337-5da8435f6707
5858/18236:ERROR#367_367_2_d70c8a89-5340-48a3-af61-936b9141f119
5861/18236:ERROR#246_246_1_5195b1c1-ede8-4a39-ac53-a68920b9cdd9
5869/18236:ERROR#maligns_550_maligns_550_2_e3840422-2569-4bf1-9dc3-c0430b6b1660
5900/18236
5911/18236:ERROR#maligns_601_maligns_601_1_e8cea42e-3744-4d99-89ef-1dc90c9d3110
5928/18236:ERROR#156_156_2_82092b61-1672-41c5-9b66-18c9d4de86d7
5928/18236:ERROR#156_156_2_82092b61-1672-41c5-9b66-18c9d4de86d7
5928/18236:ERROR#156_156_2_82092b61-1672-41c5-9b66-18c9d4de86d7
5928/18236:ERROR#156_156_2_82092b61-1672-41c5-9b66-18c9d4de86d7
5928/18236:ERROR#156_156_2_82092b61-1672-41c5-9b66-18c9d4de86d7
5928/18236:ERROR#156_156_2_82092b61-1672-41c5-9b66-18c9d4de86d7
5928/18236:ERROR#156_156_2_82092b61-1672-41c5-9b66-18c9d4de86d7
5969/18236:ERROR#61_61_1_a4ac3ad9-99b2-4824-9d28-5315d507d50c
6000/18236
6002/18236:ERROR#156_156_2_6014d6d9-ec07-46e2-bff6-e57f86c9f0f3
6002/18236:ERROR#156_156_2_6014d6d9-ec07-46e2-bff6-e57f86c9f0f3
6002/18236:ERROR#156_156_2_6014d6d9-ec07-46e2-bff6-e57f86c9f0f3
6002/18236:ERROR#156_156_2_6014d6d9-ec07-46e2-bff6-e57f86c9f0f3
6002/18236:ERROR#156_156_2_6014d6d9-ec07-46e2-bff6-e57f86c9f0f3
6046/18236:ERROR#156_156_2_ffbb5abc-a62e-4cf4-a96e-3e083c674098
6076/18236:ERROR#337_337_3_2224177f-9ba9-4463-bb19-c0ad7295845b
6076/18236:ERROR#337_337_3_2224177f-9ba9-4463-bb19-c0ad7295845b
6076/18236:ERROR#337_337_3_2224177f-9ba9-4463-bb19-c0ad7295845b
6076/18236:ERROR#337_337_3_2224177f-9ba9-4463-bb19-c0ad7295845b
6076/18236:ERROR#337_337_3_2224177f-9ba9-4463-bb19-c0ad7295845b
6076/18236:ERROR#337_337_3_2224177f-9ba9-4463-bb19-c0ad7295845b
6100/18236
6111/18236:ERROR#69_69_1_98cfe45c-b611-4921-a4db-397a5a49dde3
6126/18236:ERROR#337_337_2_5a1cf790-d493-43c9-8dee-d62ef0069469
6142/18236:ERROR#243_243_1_c8af102c-8210-493e-b9b4-601b0e7f9978
6151/18236:ERROR#61_61_1_fde9d963-d9bc-46b5-888f-0b1c4b92e913
6175/18236:ERROR#337_337_3_4aa084b8-4e74-471c-ad2a-bdb33fd85316
6175/18236:ERROR#337_337_3_4aa084b8-4e74-471c-ad2a-bdb33fd85316
6175/18236:ERROR#337_337_3_4aa084b8-4e74-471c-ad2a-bdb33fd85316
6175/18236:ERROR#337_337_3_4aa084b8-4e74-471c-ad2a-bdb33fd85316
6187/18236:ERROR#maligns_601_maligns_601_1_e35ee63c-ce43-4a4a-9211-790cb2e9deed
6200/18236
6241/18236:ERROR#202_202_1_b5a2dea6-36a8-4913-b23b-36627a0b4306
6279/18236:ERROR#maligns_601_maligns_601_1_ffc61f88-4b14-46e5-aa8c-9156e1653289
6300/18236
6304/18236:ERROR#253_253_1_b58b637a-9899-46f5-9e62-44e539a71ab9
6304/18236:ERROR#253_253_1_b58b637a-9899-46f5-9e62-44e539a71ab9
6311/18236:ERROR#97_97_1_5b513a1c-7832-49e8-8132-8965d4cb8139
6314/18236:ERROR#66_66_1_0edc1996-eba7-4fde-9b86-16ee56be2346
6346/18236:ERROR#337_337_2_136fbe1f-0f15-4b95-a0fd-e3b85f715f9d
6347/18236:ERROR#100_100_1_2ed731a4-c1a9-47fc-8f98-e7308a15aae2
6393/18236:ERROR#maligns_639_maligns_639_1_095fd978-0b43-4267-81e5-91f8a9454f1a
6395/18236:ERROR#235_235_1_693b4bb3-bc48-4c38-8aa5-0bc8a71683e2
6400/18236
6417/18236:ERROR#219_219_1_0be52d5f-ad58-4add-9b6d-9ad255b2387d
6417/18236:ERROR#219_219_1_0be52d5f-ad58-4add-9b6d-9ad255b2387d
6424/18236:ERROR#maligns_550_maligns_550_2_f5850045-9b27-4872-b4dc-b7d95b27c9fe
6424/18236:ERROR#maligns_550_maligns_550_2_f5850045-9b27-4872-b4dc-b7d95b27c9fe
6500/18236
6566/18236:ERROR#243_243_1_02a2aa8d-4a61-4018-b6a8-03d2c5628aa6
6571/18236:ERROR#maligns_601_maligns_601_1_2b8020d2-e103-4fc7-afd0-c0ac235edb46
6598/18236:ERROR#274_274_1_32851454-6cb4-456f-998a-3d10909311ee
6600/18236
6605/18236:ERROR#125_125_1_8d367536-fb41-4096-9ad6-33193e791470
6656/18236:ERROR#235_235_1_cc2a3bc1-eb47-4287-967c-1c0d5605a25f
6696/18236:ERROR#107_107_1_2bcab1d9-1be0-444b-bcb8-ddec69e5622c
6698/18236:ERROR#107_107_1_69e0d109-05f5-4aec-bd1a-bbbeca87f788
6700/18236
6702/18236:ERROR#156_156_2_c05a0fde-74ef-4b86-8e89-90f4a9609889
6706/18236:ERROR#69_69_1_0af3cdbf-f38f-4131-9a40-3adbeb403428
6719/18236:ERROR#maligns_572_maligns_572_1_45600825-3f58-479e-b642-a6da7a2938bc
6734/18236:ERROR#maligns_550_maligns_550_2_308e5309-9dff-4f58-bcae-f46bc23e9d0a
6742/18236:ERROR#97_97_1_96690456-76ed-4a12-a929-4d39f9d30151
6769/18236:ERROR#170_170_1_9878939e-fb83-418c-8ee1-bf3abc34282d
6800/18236
6806/18236:ERROR#maligns_545_maligns_545_1_1a14344d-2c74-400d-ba2c-c83b92cc4a4d
6818/18236:ERROR#202_202_1_723ce61b-dd74-4872-b841-13d2358d2d1d
6842/18236:ERROR#100_100_1_7e356c1a-1a94-4de6-9c18-84186d6d89b9
6842/18236:ERROR#100_100_1_7e356c1a-1a94-4de6-9c18-84186d6d89b9
6844/18236:ERROR#maligns_550_maligns_550_2_e4a0e556-f23a-4306-a4ee-2ae0a607d1b3
6851/18236:ERROR#243_243_1_e04dd531-0a7e-4e94-801e-246491faafbc
6857/18236:ERROR#330_330_2_db02502a-a89f-4f48-a89e-7eab60dc81c4
6868/18236:ERROR#80_80_1_7cf18a5f-ac30-48a5-ab87-73a1b401f930
6884/18236:ERROR#100_100_1_dded9fb1-3b38-40ac-a219-84d72d3f1dca
6887/18236:ERROR#337_337_3_8cfa418c-9d56-4328-8a34-c3a0f433d0a5
6887/18236:ERROR#337_337_3_8cfa418c-9d56-4328-8a34-c3a0f433d0a5
6887/18236:ERROR#337_337_3_8cfa418c-9d56-4328-8a34-c3a0f433d0a5
6887/18236:ERROR#337_337_3_8cfa418c-9d56-4328-8a34-c3a0f433d0a5
6887/18236:ERROR#337_337_3_8cfa418c-9d56-4328-8a34-c3a0f433d0a5
6887/18236:ERROR#337_337_3_8cfa418c-9d56-4328-8a34-c3a0f433d0a5
6887/18236:ERROR#337_337_3_8cfa418c-9d56-4328-8a34-c3a0f433d0a5
6900/18236
6915/18236:ERROR#110_110_1_201be7de-bba9-4f1f-973f-458830ab94b0
6915/18236:ERROR#110_110_1_201be7de-bba9-4f1f-973f-458830ab94b0
6915/18236:ERROR#110_110_1_201be7de-bba9-4f1f-973f-458830ab94b0
6943/18236:ERROR#187_187_1_318c0f72-07fc-4ff1-bd24-2e9a39b74515
6981/18236:ERROR#246_246_1_15d65491-146a-4099-8711-29f87e2b75f8
6987/18236:ERROR#330_330_1_b81881c8-5b6f-4ba1-afe1-5a41c6c92c6b
6987/18236:ERROR#330_330_1_b81881c8-5b6f-4ba1-afe1-5a41c6c92c6b
7000/18236
7015/18236:ERROR#12_12_1_b58e3217-7db7-4a9b-8be3-130639a4886a
7047/18236:ERROR#219_219_1_8a67c589-b398-43d2-8ec5-05d91add926d
7100/18236
7117/18236:ERROR#66_66_1_dcfd865a-07f7-4c85-8017-24b8be658cfc
7145/18236:ERROR#274_274_1_bfe3ac28-fa58-4f05-811c-fe7259eb67e2
7158/18236:ERROR#69_69_1_13523260-6870-4ef2-90bc-c38a8be5e87c
7171/18236:ERROR#56_56_1_b64012a1-a19c-4b7b-b34b-528d187df4e7
7183/18236:ERROR#12_12_1_5ac476c0-78c1-41db-8e5c-bf4f7178fe40
7183/18236:ERROR#12_12_1_5ac476c0-78c1-41db-8e5c-bf4f7178fe40
7200/18236
7300/18236
7307/18236:ERROR#170_170_1_63f282b4-f92f-4fe9-9aaf-4e851d14e750
7308/18236:ERROR#maligns_545_maligns_545_1_4e9ef2dc-7a5d-434f-b1f1-b76371b5c535
7357/18236:ERROR#66_66_1_771f4f22-01a6-4889-9558-6240ee8a4295
7377/18236:ERROR#100_100_1_5fb4d78f-1f81-4afb-8e6a-7a3f157f67ca
7378/18236:ERROR#maligns_550_maligns_550_3_28ecccdb-bc8e-4917-be8f-8e692ff38edf
7378/18236:ERROR#maligns_550_maligns_550_3_28ecccdb-bc8e-4917-be8f-8e692ff38edf
7378/18236:ERROR#maligns_550_maligns_550_3_28ecccdb-bc8e-4917-be8f-8e692ff38edf
7378/18236:ERROR#maligns_550_maligns_550_3_28ecccdb-bc8e-4917-be8f-8e692ff38edf
7385/18236:ERROR#36_36_1_5e02728c-017e-4393-9d9c-4c1f1dc34138
7391/18236:ERROR#maligns_550_maligns_550_2_c6f4d542-5ef2-4fe5-9ce5-06c9e8db5610
7394/18236:ERROR#56_56_1_1e6ec9f4-6216-4a8b-bbfe-6ecc5e4f20dd
7400/18236
7452/18236:ERROR#367_367_2_f028a247-3414-42b7-925d-f77bfd9a46e7
7462/18236:ERROR#156_156_2_9f5fdb8e-422e-438e-a587-f531c93206ce
7468/18236:ERROR#210_210_3_9621f0ce-4ca7-41c7-9bb9-ba24cc094abd
7500/18236
7537/18236:ERROR#maligns_572_maligns_572_1_2d454f9b-2282-40b0-abef-56c5cb578584
7600/18236
7603/18236:ERROR#66_66_1_3a12c94e-1274-4c79-9706-a85719702641
7613/18236:ERROR#246_246_1_f353a9fe-d6b0-4e12-8f95-2ad62464d41a
7626/18236:ERROR#56_56_1_827c01f9-036a-404c-b918-e2267bde57e6
7647/18236:ERROR#246_246_1_60c0ec67-9f36-46de-ba11-860315e3d08f
7684/18236:ERROR#49_49_1_0a77e924-6761-48b9-a88a-80b13156e13c
7697/18236:ERROR#274_274_1_721183f5-796e-4f96-8811-47c887b8300c
7700/18236
7700/18236:ERROR#61_61_1_30e4c7f3-71c7-4615-b71e-13ddce89ecca
7712/18236:ERROR#60_60_1_670bd91a-8b31-45b7-a70a-92af0a6885d0
7730/18236:ERROR#maligns_563_maligns_563_2_51679b4d-82c3-40b3-8a79-c65afaac8ca4
7754/18236:ERROR#69_69_1_dd8ec045-de69-4810-9810-e80b60419b70
7763/18236:ERROR#56_56_1_ef40cda9-9fc9-4e5f-9941-1767e0e74d15
7800/18236
7857/18236:ERROR#maligns_572_maligns_572_1_c50b70fc-8721-4906-8bc4-e09fd854846d
7857/18236:ERROR#maligns_572_maligns_572_1_c50b70fc-8721-4906-8bc4-e09fd854846d
7857/18236:ERROR#maligns_572_maligns_572_1_c50b70fc-8721-4906-8bc4-e09fd854846d
7864/18236:ERROR#100_100_1_a49ce877-24f6-4a59-8b66-9b41d08691a5
7873/18236:ERROR#maligns_639_maligns_639_1_ede6a911-accd-4c07-b7df-0240008296d0
7890/18236:ERROR#maligns_601_maligns_601_1_1a43bbde-afc6-4716-9c20-342ad9fe7b1e
7900/18236
7905/18236:ERROR#344_344_1_16dacf62-72bb-4d3f-98f8-2434b1326385
7914/18236:ERROR#maligns_639_maligns_639_1_eec4fd3e-d4e5-4d9b-90c2-7902f1d37e07
7955/18236:ERROR#60_60_1_ad58e230-f2bc-49f2-886b-23aa81499b03
8000/18236
8015/18236:ERROR#56_56_1_2a154777-dc2b-4d34-9439-4c73c816b0c5
8027/18236:ERROR#49_49_1_dce3896b-95a7-43ce-b5ca-ac2e19d14e63
8081/18236:ERROR#12_12_1_2a66a1f5-53ab-498e-b7eb-a97094c86ae5
8100/18236
8101/18236:ERROR#maligns_639_maligns_639_1_a8e91451-53fb-4b19-a833-ed797b8a843e
8149/18236:ERROR#344_344_1_b29ad1f7-556b-4c6a-acdc-a6022a72e0af
8183/18236:ERROR#maligns_550_maligns_550_2_2abfe8b3-2f80-42cb-8ee7-82cdd1bac4ae
8186/18236:ERROR#170_170_1_a436e5a9-6ce3-41ec-9fa7-d029ef60d201
8190/18236:ERROR#maligns_550_maligns_550_2_8456cfaf-f9f2-4b00-ab23-7d60fa57f662
8199/18236:ERROR#maligns_639_maligns_639_1_9e4efe8c-37d5-49f4-b646-a0da7ee39b48
8199/18236:ERROR#maligns_639_maligns_639_1_9e4efe8c-37d5-49f4-b646-a0da7ee39b48
8200/18236
8221/18236:ERROR#maligns_545_maligns_545_1_a2e01dd4-46f1-4fe1-9347-7d08280af3ff
8221/18236:ERROR#maligns_545_maligns_545_1_a2e01dd4-46f1-4fe1-9347-7d08280af3ff
8254/18236:ERROR#246_246_1_02bbb81e-060e-475c-b65d-7d588b1dc28b
8268/18236:ERROR#210_210_3_5717d4a5-8b14-41cd-8475-ff721baafc47
8273/18236:ERROR#maligns_550_maligns_550_3_b9525416-ec61-4720-bacc-54b9b8cfd6d7
8273/18236:ERROR#maligns_550_maligns_550_3_b9525416-ec61-4720-bacc-54b9b8cfd6d7
8273/18236:ERROR#maligns_550_maligns_550_3_b9525416-ec61-4720-bacc-54b9b8cfd6d7
8281/18236:ERROR#177_177_2_cabb2651-f02a-4797-90ac-8d1fc9a1f44d
8281/18236:ERROR#177_177_2_cabb2651-f02a-4797-90ac-8d1fc9a1f44d
8300/18236
8304/18236:ERROR#330_1
8311/18236:ERROR#163_163_1_3dc58220-e422-4356-aacd-99da76e09dde
8322/18236:ERROR#56_56_1_4b8ce54e-0910-431b-9e0b-f776e180ed38
8325/18236:ERROR#337_337_3_fea1bf33-7809-4fc8-9f08-820a7734c3b9
8325/18236:ERROR#337_337_3_fea1bf33-7809-4fc8-9f08-820a7734c3b9
8325/18236:ERROR#337_337_3_fea1bf33-7809-4fc8-9f08-820a7734c3b9
8345/18236:ERROR#66_66_1_d5b1dae8-9ae9-4bf0-a275-91aa4c91fc18
8346/18236:ERROR#56_56_1_db483b89-195b-485d-bc9e-d794cf61621a
8394/18236:ERROR#maligns_563_maligns_563_2_d9b588ad-0b1d-48ac-8b0d-1100c1714af2
8400/18236
8409/18236:ERROR#367_367_2_1c22e742-81df-4b63-8327-76242f44958d
8420/18236:ERROR#69_69_1_18eff423-4df1-4618-9a38-a15a21bb604a
8426/18236:ERROR#219_219_1_b454e8d5-1497-4399-b09e-b9fd5ddd4394
8447/18236:ERROR#313_313_1_403055af-5c33-424a-8816-ab47c0cf31a7
8452/18236:ERROR#106_106_4_d13741ae-dff0-45cb-bc0b-4fdc2d012248
8457/18236:ERROR#202_202_1_8fb94339-0a44-430c-acf4-3f293a8fecb6
8488/18236:ERROR#maligns_545_maligns_545_1_7594940f-09bb-4bf0-82dd-dbb2bff8fc72
8500/18236
8506/18236:ERROR#170_170_1_5e021c97-a01a-490c-be11-e5e187fbd2d1
8507/18236:ERROR#170_170_1_1e3c9728-0f7e-4dad-aa3a-38646d831e35
8547/18236:ERROR#60_60_1_84898356-82b6-4199-b413-91b2f6858220
8567/18236:ERROR#284_284_1_3d5ebf0f-262e-4cb4-9c29-2ebb6c353a9c
8578/18236:ERROR#256_256_1_517f4ca5-a365-426c-882b-bbcbf6b40533
8587/18236:ERROR#maligns_572_maligns_572_1_15f8381d-1732-4d0e-8e27-c6a51dd681b7
8587/18236:ERROR#maligns_572_maligns_572_1_15f8381d-1732-4d0e-8e27-c6a51dd681b7
8600/18236
8604/18236:ERROR#66_66_1_e289da84-9fdf-4faa-a74b-d9a611189f2a
8605/18236:ERROR#246_246_1_813e700c-55aa-4940-a56c-abfdf5a014ba
8640/18236:ERROR#330_330_1_a21af7fb-635e-4075-a79e-c89254ab64d4
8648/18236:ERROR#107_107_1_718f38a7-e1ad-4d46-8ce5-03177725d11e
8665/18236:ERROR#253_253_1_f793c141-b5e6-41b5-b04e-31ea7b51c8ba
8665/18236:ERROR#253_253_1_f793c141-b5e6-41b5-b04e-31ea7b51c8ba
8685/18236:ERROR#61_61_1_c90b63c8-bcdd-4d6b-9b2e-1f045f1316b1
8699/18236:ERROR#66_66_1_8be9e1c4-aa65-49f8-8982-83677df75f94
8700/18236
8717/18236:ERROR#367_367_2_f53563a3-b12b-4e0e-8717-922838c0497d
8762/18236:ERROR#56_56_1_8950a7d5-21c1-45cc-aa21-0e26a6cf9d22
8789/18236:ERROR#163_163_1_f2d39a4f-7b3d-4a4a-b3fd-7cbef027a49b
8791/18236:ERROR#163_163_1_002f1ec2-4f51-428e-a539-abc6bfa88bb4
8800/18236
8804/18236:ERROR#maligns_601_maligns_601_1_cf7ca392-42dc-46b6-850b-b850dad36fb6
8812/18236:ERROR#337_337_2_dce8c80d-41dc-4c20-bc35-4895ef074765
8815/18236:ERROR#337_337_3_43b1a67e-dae1-4735-bc33-d2f9be152f9d
8815/18236:ERROR#337_337_3_43b1a67e-dae1-4735-bc33-d2f9be152f9d
8817/18236:ERROR#107_107_1_b3f13288-c652-43f9-8a81-03b322e794c6
8855/18236:ERROR#235_235_1_5ddc264d-65cf-4cee-8401-8d92deabb481
8900/18236
8904/18236:ERROR#125_125_1_493e960f-4322-469c-8e6b-543dac454923
8904/18236:ERROR#125_125_1_493e960f-4322-469c-8e6b-543dac454923
8904/18236:ERROR#125_125_1_493e960f-4322-469c-8e6b-543dac454923
8923/18236:ERROR#maligns_550_maligns_550_2_a1a1dc40-9685-40fc-b19d-61592e4becc1
8927/18236:ERROR#187_187_1_278f8f65-59fa-4d6e-99a0-314c2a201af9
8933/18236:ERROR#367_367_2_cdc48532-8b55-44e2-a266-ec92448f8787
8958/18236:ERROR#66_66_1_38621815-ea90-4832-8af7-e6134f7b02dc
8983/18236:ERROR#61_61_1_285d29b8-2014-422c-abe7-a86329f5fe6f
9000/18236
9023/18236:ERROR#170_170_1_2d6b5002-ab31-4218-a86c-11a387289c54
9036/18236:ERROR#230_1
9100/18236
9113/18236:ERROR#235_235_1_aea2bf47-91d0-4a4a-b069-9372938b439d
9130/18236:ERROR#330_330_1_c9a72f32-8092-4da8-9e1d-78d4e0e7e1f7
9135/18236:ERROR#125_125_1_b070f548-9f8b-4fd8-887a-a0832cc79ae4
9141/18236:ERROR#274_274_1_19d435e5-e4f8-41e1-95bf-8cad7187e422
9150/18236:ERROR#maligns_563_maligns_563_2_2b469a4e-747d-4df4-b97c-93b9dc955d31
9150/18236:ERROR#maligns_563_maligns_563_2_2b469a4e-747d-4df4-b97c-93b9dc955d31
9172/18236:ERROR#367_367_2_8ec890a1-7bbb-4eed-9c7e-8a61da118f91
9200/18236
9260/18236:ERROR#235_235_1_5923caf9-6315-4166-97e4-349a6b4265cb
9268/18236:ERROR#maligns_572_maligns_572_1_4953fc0f-1239-4b3f-998a-df25107979c8
9300/18236
9312/18236:ERROR#235_235_1_1c6aa9cf-5a9f-4286-a825-68c0d6ca2115
9359/18236:ERROR#125_125_1_24f8ec41-171f-45cd-8954-b6e8de517ac7
9359/18236:ERROR#125_125_1_24f8ec41-171f-45cd-8954-b6e8de517ac7
9385/18236:ERROR#337_337_3_758d7493-18dd-426f-8167-10128b121cc1
9385/18236:ERROR#337_337_3_758d7493-18dd-426f-8167-10128b121cc1
9385/18236:ERROR#337_337_3_758d7493-18dd-426f-8167-10128b121cc1
9388/18236:ERROR#maligns_545_maligns_545_1_b03c8e38-c38a-4784-ab76-ca2a5ce783cd
9400/18236
9417/18236:ERROR#97_97_1_a8492474-3817-47cb-a9da-7b51b66c86d3
9437/18236:ERROR#337_337_2_f9ad8965-d90e-4fed-a893-b8b589555816
9446/18236:ERROR#210_210_3_20726354-fe80-4f1e-b890-f491f68a9c3a
9500/18236
9510/18236:ERROR#187_187_1_e285a26b-ca1c-4ca0-87c4-5d015417e36b
9570/18236:ERROR#177_177_2_0bd3a6a8-6ec5-4657-a204-fcb53641018a
9600/18236
9680/18236:ERROR#367_367_2_89971bf9-7a4d-438b-8a60-c0576943f326
9689/18236:ERROR#330_330_1_44e3fe95-a5bf-482e-97d7-4d2f36e163c9
9697/18236:ERROR#maligns_563_maligns_563_2_2466cdd6-2a52-408a-853d-8303aa4cef54
9698/18236:ERROR#maligns_601_maligns_601_1_1a0810fa-0e25-41b2-9532-aa763a8f9dc4
9700/18236
9726/18236:ERROR#337_337_2_f4427eb3-4fa5-4c01-8c63-a1fcc641c605
9732/18236:ERROR#80_80_1_7e2977a1-830e-44d1-9779-d5bd7c2b8a3e
9754/18236:ERROR#100_100_1_017b5650-8343-4b8a-a83d-e132320999f1
9800/18236
9807/18236:ERROR#230_230_1_ddedda31-efaf-479c-822b-75526468fbad
9833/18236:ERROR#219_219_1_5597eeff-98dc-4109-92d1-01f2afe8a6da
9837/18236:ERROR#235_235_1_efe6c29e-a535-435a-a693-3a92d6eb1780
9870/18236:ERROR#243_243_1_83900c7b-62b1-45e9-861b-228b3bb5a022
9891/18236:ERROR#maligns_550_maligns_550_1_801d95dd-c7a3-48b8-bd49-b89b8039fe79
9900/18236
9911/18236:ERROR#253_253_1_fbaef192-abe1-4723-ad9f-6195d33a969d
9919/18236:ERROR#61_1
9931/18236:ERROR#maligns_550_maligns_550_2_bb679e37-2764-49ee-aa57-370530b25998
9938/18236:ERROR#337_337_3_ecf6cbbc-5dcb-4ee1-b31a-881fb37c3978
9938/18236:ERROR#337_337_3_ecf6cbbc-5dcb-4ee1-b31a-881fb37c3978
9938/18236:ERROR#337_337_3_ecf6cbbc-5dcb-4ee1-b31a-881fb37c3978
9938/18236:ERROR#337_337_3_ecf6cbbc-5dcb-4ee1-b31a-881fb37c3978
9938/18236:ERROR#337_337_3_ecf6cbbc-5dcb-4ee1-b31a-881fb37c3978
9938/18236:ERROR#337_337_3_ecf6cbbc-5dcb-4ee1-b31a-881fb37c3978
9964/18236:ERROR#187_187_1_dfb67491-1486-4073-8da8-ebe7d06c9a08
9974/18236:ERROR#84_84_1_df97dcf6-39e8-4d27-a10d-75cbd115625d
10000/18236
10001/18236:ERROR#56_56_1_46fcaa99-6e3d-489b-af29-57771751c95a
10021/18236:ERROR#106_106_4_48886402-795e-4b48-bffb-647d29482e9d
10037/18236:ERROR#97_97_1_ec90a329-78d0-4c79-846f-90a295a147ff
10043/18236:ERROR#235_235_1_20670b45-dae0-4a77-b1a3-4d5c4fd2169e
10095/18236:ERROR#219_219_1_3fe09e47-a91e-402d-99ba-37c91252e72a
10100/18236
10117/18236:ERROR#283_283_1_f35aebb4-e219-411b-b7e9-05c3876c1ed2
10165/18236:ERROR#100_100_1_0a3f844d-f709-4f08-a8a5-62ff0f748bbf
10186/18236:ERROR#36_36_1_7a9f839a-70f2-4042-9f65-c472be7dd1f9
10200/18236
10201/18236:ERROR#maligns_550_maligns_550_2_6147fd71-6b41-4244-9397-a86526403a67
10201/18236:ERROR#maligns_550_maligns_550_2_6147fd71-6b41-4244-9397-a86526403a67
10219/18236:ERROR#274_274_1_d2c14a03-58f2-4135-8a1d-2a7283fb6bff
10220/18236:ERROR#61_61_1_92015b83-9b90-4b76-b9d6-c89d44257776
10251/18236:ERROR#163_163_1_44e84ffa-ef8f-44ad-8e20-08986abcc622
10264/18236:ERROR#187_187_1_95550e6c-34a5-41a7-b564-9b919773e72c
10275/18236:ERROR#230_230_1_27c785bf-8ab8-44d1-8bda-b74be4e5290f
10285/18236:ERROR#342_342_1_8c92b445-c8f1-4c06-b79a-b5c038d1152b
10300/18236
10324/18236:ERROR#maligns_545_1
10333/18236:ERROR#243_243_1_79ea5ca8-726e-488a-bd2b-cd1adfac8577
10350/18236:ERROR#maligns_639_maligns_639_1_7b377637-0b24-4ec6-b8b6-99f5a48e3326
10351/18236:ERROR#100_100_1_8663aa36-d9ab-4435-85e5-7695b6aeb020
10357/18236:ERROR#maligns_639_maligns_639_1_1d6704f1-6021-4ffe-9cd6-58f8a2b1ddd0
10365/18236:ERROR#60_60_1_5654813c-9ab2-4f6d-b215-f4d9e360792c
10376/18236:ERROR#274_274_1_000d8a54-2352-4608-961d-2e90e647caa2
10400/18236
10407/18236:ERROR#243_243_1_51fa4617-c60b-4530-8d6d-b102fb47f089
10411/18236:ERROR#maligns_550_maligns_550_3_6a144b4c-fca0-4f2d-aca0-ebf519fed6eb
10411/18236:ERROR#maligns_550_maligns_550_3_6a144b4c-fca0-4f2d-aca0-ebf519fed6eb
10411/18236:ERROR#maligns_550_maligns_550_3_6a144b4c-fca0-4f2d-aca0-ebf519fed6eb
10411/18236:ERROR#maligns_550_maligns_550_3_6a144b4c-fca0-4f2d-aca0-ebf519fed6eb
10444/18236:ERROR#337_337_2_75bd0de4-c13b-4cc3-9da3-c3b3684cf2b7
10475/18236:ERROR#170_170_1_cb4e1649-858e-4741-aa50-fa390693e7cc
10478/18236:ERROR#367_367_2_eed71b61-1c35-4ea8-b54d-9f94fef6f51c
10478/18236:ERROR#367_367_2_eed71b61-1c35-4ea8-b54d-9f94fef6f51c
10489/18236:ERROR#maligns_550_maligns_550_3_5deae359-b427-46d2-8cb3-e73f0355ddd3
10489/18236:ERROR#maligns_550_maligns_550_3_5deae359-b427-46d2-8cb3-e73f0355ddd3
10489/18236:ERROR#maligns_550_maligns_550_3_5deae359-b427-46d2-8cb3-e73f0355ddd3
10489/18236:ERROR#maligns_550_maligns_550_3_5deae359-b427-46d2-8cb3-e73f0355ddd3
10489/18236:ERROR#maligns_550_maligns_550_3_5deae359-b427-46d2-8cb3-e73f0355ddd3
10489/18236:ERROR#maligns_550_maligns_550_3_5deae359-b427-46d2-8cb3-e73f0355ddd3
10489/18236:ERROR#maligns_550_maligns_550_3_5deae359-b427-46d2-8cb3-e73f0355ddd3
10500/18236
10522/18236:ERROR#342_342_1_5746fad2-8017-46ce-87e9-a13ead8c8728
10527/18236:ERROR#337_337_2_aa7c4bf8-5fa6-41f0-a01b-8b123634cae6
10527/18236:ERROR#337_337_2_aa7c4bf8-5fa6-41f0-a01b-8b123634cae6
10541/18236:ERROR#maligns_545_maligns_545_1_8e69473c-40b6-4fb9-880c-f39b1668fb2c
10600/18236
10622/18236:ERROR#56_56_1_16c72d4c-fadc-4f56-b57d-5c10a2a3b151
10667/18236:ERROR#125_125_1_2cbc8481-3132-44c0-bc78-9185dbc153cc
10691/18236:ERROR#maligns_639_maligns_639_1_9e5866c2-93cc-4299-9e7d-fe3667d0daf5
10700/18236
10701/18236:ERROR#246_246_1_54ef4fbf-d44c-4bd4-a1a1-65fa237abae9
10742/18236:ERROR#56_56_1_8294205a-603c-4a6a-a165-b8167374f80a
10749/18236:ERROR#12_12_1_d568f066-d772-45c9-999f-31f0f217deac
10754/18236:ERROR#74_74_1_0a7327c4-48ff-4d5e-b202-b5f2439fb64a
10755/18236:ERROR#115_115_1_0ea17729-e4d5-43c0-b4dc-60e0ac315a83
10769/18236:ERROR#243_243_1_d3a063c9-bf0e-4f4a-a94c-46fc552423fb
10800/18236
10803/18236:ERROR#60_60_1_36c16de7-c874-4f5c-bc79-c2019643c64d
10827/18236:ERROR#156_156_2_eb929097-b5d2-4c80-8313-07b704c5c238
10827/18236:ERROR#156_156_2_eb929097-b5d2-4c80-8313-07b704c5c238
10827/18236:ERROR#156_156_2_eb929097-b5d2-4c80-8313-07b704c5c238
10827/18236:ERROR#156_156_2_eb929097-b5d2-4c80-8313-07b704c5c238
10827/18236:ERROR#156_156_2_eb929097-b5d2-4c80-8313-07b704c5c238
10828/18236:ERROR#210_210_3_e9922ae8-a7a7-4304-baff-b5c0c9a34e9b
10830/18236:ERROR#maligns_563_maligns_563_2_27f0560a-5432-4e32-863e-44d0ec7c299b
10830/18236:ERROR#maligns_563_maligns_563_2_27f0560a-5432-4e32-863e-44d0ec7c299b
10836/18236:ERROR#243_243_1_7b1b6124-f6a0-419b-af7c-73d30587306a
10842/18236:ERROR#maligns_639_maligns_639_1_40e579f6-a79d-4c69-80d9-e7d582573df4
10853/18236:ERROR#56_56_1_651319c1-576b-4d3d-90ac-83f6776ac06f
10856/18236:ERROR#61_61_1_a214952c-761f-4410-b175-b78f3a6937f1
10892/18236:ERROR#84_84_1_1023c06a-9928-4f16-976d-c9562ac0def4
10892/18236:ERROR#84_84_1_1023c06a-9928-4f16-976d-c9562ac0def4
10900/18236
10913/18236:ERROR#330_330_1_e0fa3ea0-90e8-4cfc-8634-9282d8f9f7b1
10916/18236:ERROR#maligns_549_maligns_549_1_f1d3daf2-610d-4b17-b7a7-bcf480a9f296
10921/18236:ERROR#12_12_1_c9dfb7c4-c42c-4b43-96f7-67dda65647df
10943/18236:ERROR#maligns_550_maligns_550_2_854770f9-1b07-4755-8e75-7080f3c7f8cc
10943/18236:ERROR#maligns_550_maligns_550_2_854770f9-1b07-4755-8e75-7080f3c7f8cc
10949/18236:ERROR#36_36_1_f161cbed-32c6-429f-9576-11d01acbdc18
10954/18236:ERROR#maligns_639_maligns_639_1_52730c6e-7d4f-4cbc-817f-fc6ea7962f6a
10954/18236:ERROR#maligns_639_maligns_639_1_52730c6e-7d4f-4cbc-817f-fc6ea7962f6a
10960/18236:ERROR#177_177_2_e7788944-c096-4185-9a2f-ea598d9359e4
10961/18236:ERROR#maligns_563_maligns_563_2_4a13ba24-45ac-4a68-9b30-8a420769d0ea
10961/18236:ERROR#maligns_563_maligns_563_2_4a13ba24-45ac-4a68-9b30-8a420769d0ea
10988/18236:ERROR#49_49_1_e0a6dc89-d161-4cc3-b740-bdde219731ce
10991/18236:ERROR#243_243_1_15353058-ce81-46c5-8fc7-06f8b4cf87db
11000/18236
11013/18236:ERROR#246_246_1_f386dbbf-8c71-4bf9-86b7-270e85cf359f
11059/18236:ERROR#187_187_1_b10f2802-668c-43bd-be8c-ed8ad18e37f5
11075/18236:ERROR#170_170_1_95637adf-e352-4402-b739-d27952b1acf1
11077/18236:ERROR#344_344_1_784abed7-6c2b-44ef-88b7-6fd394c91950
11090/18236:ERROR#235_235_1_96823767-d428-4086-9270-d0b107e156c1
11100/18236
11103/18236:ERROR#107_107_1_ea34b8be-5905-4128-9ec6-8c60db2850c3
11183/18236:ERROR#230_230_1_e51e1e4f-795b-4243-a52b-19c4f9cb8f38
11197/18236:ERROR#maligns_639_maligns_639_1_31532932-c508-4d33-8741-b5562cf67a60
11200/18236
11202/18236:ERROR#maligns_601_maligns_601_1_f92cc87c-dcd1-4c04-b278-755d06e3eed0
11206/18236:ERROR#maligns_550_2
11229/18236:ERROR#56_56_1_9bc20e7c-1ed6-4555-893d-f3af720256a5
11240/18236:ERROR#maligns_639_maligns_639_1_5454b79c-0604-45fc-a9be-759deb848795
11293/18236:ERROR#337_337_3_b7c8f0e5-c50e-4ee6-bf3f-f4f0b162ceaf
11293/18236:ERROR#337_337_3_b7c8f0e5-c50e-4ee6-bf3f-f4f0b162ceaf
11293/18236:ERROR#337_337_3_b7c8f0e5-c50e-4ee6-bf3f-f4f0b162ceaf
11293/18236:ERROR#337_337_3_b7c8f0e5-c50e-4ee6-bf3f-f4f0b162ceaf
11300/18236
11321/18236:ERROR#maligns_644_maligns_644_1_24c3c7d6-c519-45d8-bcca-f9a07260c6ff
11335/18236:ERROR#107_107_1_f086a7d2-76bd-42e6-bbf5-e23cbb33ba50
11353/18236:ERROR#56_56_1_face2b3f-0f46-45af-9295-3c558963fc63
11364/18236:ERROR#170_170_1_30c9fe14-288e-47d4-a798-840cad5d7917
11382/18236:ERROR#156_156_2_3318cb62-9ef4-471e-8e59-bebfa43715c2
11382/18236:ERROR#156_156_2_3318cb62-9ef4-471e-8e59-bebfa43715c2
11382/18236:ERROR#156_156_2_3318cb62-9ef4-471e-8e59-bebfa43715c2
11382/18236:ERROR#156_156_2_3318cb62-9ef4-471e-8e59-bebfa43715c2
11386/18236:ERROR#163_163_1_5f18991f-f339-40be-b464-6d3c78f60094
11394/18236:ERROR#66_66_1_36bbeffb-17da-49f1-b0a3-e991eef5224f
11400/18236
11401/18236:ERROR#61_61_1_7c735553-86c3-4a2b-9638-869e0953425a
11417/18236:ERROR#107_107_1_359cb914-738c-4486-a0f7-cfce28ceed9c
11423/18236:ERROR#maligns_550_maligns_550_3_51121bb4-029c-4387-b818-c13107a40ef6
11423/18236:ERROR#maligns_550_maligns_550_3_51121bb4-029c-4387-b818-c13107a40ef6
11423/18236:ERROR#maligns_550_maligns_550_3_51121bb4-029c-4387-b818-c13107a40ef6
11461/18236:ERROR#274_274_1_9f077185-3fb6-4726-9bf7-c83c4b12244d
11490/18236:ERROR#107_107_1_1e6b2c7e-dcf7-4691-8535-358d881f0e87
11500/18236
11507/18236:ERROR#187_187_1_913d2359-f34a-4b9c-950e-18c50030123e
11509/18236:ERROR#100_100_1_ac938844-c9b4-4a2b-98f0-5ba7445d35e1
11528/18236:ERROR#210_210_3_b234de4a-7b36-4aba-b263-a88ec6603842
11535/18236:ERROR#337_337_3_e68fce88-3d24-4c12-ad2b-da1eebb53524
11535/18236:ERROR#337_337_3_e68fce88-3d24-4c12-ad2b-da1eebb53524
11535/18236:ERROR#337_337_3_e68fce88-3d24-4c12-ad2b-da1eebb53524
11535/18236:ERROR#337_337_3_e68fce88-3d24-4c12-ad2b-da1eebb53524
11535/18236:ERROR#337_337_3_e68fce88-3d24-4c12-ad2b-da1eebb53524
11600/18236
11614/18236:ERROR#177_177_2_f5e326e1-23b6-4306-94e6-6dc88e6ca8a5
11634/18236:ERROR#243_243_1_88810348-319a-4d60-b253-5aebe1c80e2c
11657/18236:ERROR#243_243_1_26c0348d-2322-47b8-a4c2-f37a1be23483
11700/18236
11707/18236:ERROR#maligns_644_maligns_644_1_d5ac4879-6d22-4df6-a790-1e2a38346aff
11714/18236:ERROR#177_177_2_d04f772a-1f9f-4351-934a-2c9a8d20086d
11763/18236:ERROR#66_66_1_8abccc0a-d480-43bd-b739-0f7bd1ab3da1
11800/18236
11806/18236:ERROR#187_187_1_3cf5afb7-7abf-4963-8670-f62d3dae2a4a
11808/18236:ERROR#177_177_2_1bddf095-fb7e-4669-a67d-39af56e4fe56
11808/18236:ERROR#177_177_2_1bddf095-fb7e-4669-a67d-39af56e4fe56
11834/18236:ERROR#maligns_563_maligns_563_2_3d5165d2-4aa4-4f43-a960-121ea9606927
11896/18236:ERROR#72_72_1_7aa54a4b-ff02-4437-a130-0d9846ea8e82
11896/18236:ERROR#72_72_1_7aa54a4b-ff02-4437-a130-0d9846ea8e82
11900/18236
11917/18236:ERROR#72_72_1_eb63e9e1-0bb8-4b81-9d77-1da2254fa62d
11920/18236:ERROR#274_274_1_e6bc6379-317b-4bd4-8d9a-3b63bf19a8fb
11937/18236:ERROR#110_110_1_1a110a63-cd73-44e7-980f-594d70a3ee5a
11937/18236:ERROR#110_110_1_1a110a63-cd73-44e7-980f-594d70a3ee5a
11937/18236:ERROR#110_110_1_1a110a63-cd73-44e7-980f-594d70a3ee5a
11937/18236:ERROR#110_110_1_1a110a63-cd73-44e7-980f-594d70a3ee5a
11951/18236:ERROR#107_107_1_1a6d5ea0-bec8-47e2-89ab-914f395b6541
11973/18236:ERROR#maligns_563_maligns_563_2_14a28377-3456-4701-ab7b-516c09d1f57d
11981/18236:ERROR#330_330_1_b166068c-2289-4695-8280-9cddeca8a024
11987/18236:ERROR#84_84_1_e64b4f4c-0281-441d-b6aa-262f4da34b9f
11987/18236:ERROR#84_84_1_e64b4f4c-0281-441d-b6aa-262f4da34b9f
12000/18236
12005/18236:ERROR#163_163_1_0f54763e-12aa-4efa-bdfa-c23d737959f5
12031/18236:ERROR#342_342_1_31c3ef35-adf6-4e1f-92c7-badf73fbb000
12031/18236:ERROR#342_342_1_31c3ef35-adf6-4e1f-92c7-badf73fbb000
12031/18236:ERROR#342_342_1_31c3ef35-adf6-4e1f-92c7-badf73fbb000
12052/18236:ERROR#170_170_1_099e9350-aa38-412a-9f75-a65ac3b89c96
12056/18236:ERROR#274_274_1_00ab9046-d366-4402-9adb-29147f723abe
12085/18236:ERROR#235_235_1_21be9b95-e3bf-4a20-9e2f-308fccab297c
12100/18236
12119/18236:ERROR#110_110_1_05a02c03-d781-4f47-b0ce-ac423faa1f4f
12119/18236:ERROR#110_110_1_05a02c03-d781-4f47-b0ce-ac423faa1f4f
12161/18236:ERROR#243_1
12172/18236:ERROR#187_187_1_b8ffbc0b-4ad6-4e81-9215-b9591a1cb1dd
12200/18236
12211/18236:ERROR#230_230_1_b871d0f0-4c0c-42e6-b9ab-32e51c65b070
12215/18236:ERROR#274_274_1_baa0d706-914a-483c-b968-75986ad6e15f
12223/18236:ERROR#84_84_1_1e37c724-a8b2-4f0e-bb3e-062ecaf95c80
12227/18236:ERROR#342_342_1_33ec034f-0df7-4dff-9570-a75f823b4691
12227/18236:ERROR#342_342_1_33ec034f-0df7-4dff-9570-a75f823b4691
12279/18236:ERROR#maligns_550_maligns_550_3_ea932f4e-ca97-4370-8e0d-cdaec790cf1f
12279/18236:ERROR#maligns_550_maligns_550_3_ea932f4e-ca97-4370-8e0d-cdaec790cf1f
12279/18236:ERROR#maligns_550_maligns_550_3_ea932f4e-ca97-4370-8e0d-cdaec790cf1f
12279/18236:ERROR#maligns_550_maligns_550_3_ea932f4e-ca97-4370-8e0d-cdaec790cf1f
12279/18236:ERROR#maligns_550_maligns_550_3_ea932f4e-ca97-4370-8e0d-cdaec790cf1f
12288/18236:ERROR#187_187_1_641edc3f-e28f-4600-8be5-63916a523717
12300/18236
12305/18236:ERROR#187_187_1_b02682b8-3d1d-4784-8872-9eae4ae1b5b3
12318/18236:ERROR#243_243_1_aea1685e-985a-48cd-9193-1e747a7ad91e
12319/18236:ERROR#113_113_1_2df4d3eb-cb1a-4633-bc83-2e769045bc04
12341/18236:ERROR#61_61_1_97183471-e727-4ccb-9717-1550b4e2c7af
12400/18236
12409/18236:ERROR#246_246_1_8bdc5268-e64f-41bd-8d3d-80603ec896b8
12423/18236:ERROR#170_170_1_29217ca0-2fad-44c0-b27b-c7325fb643e8
12444/18236:ERROR#maligns_550_maligns_550_3_fd9ef632-f609-400f-8ffd-4e0f5751784d
12460/18236:ERROR#243_243_1_e4fd6648-434e-448f-b5b5-cac9fc31f2bb
12474/18236:ERROR#maligns_550_maligns_550_2_867a43e8-3424-4db7-9b6d-2a2773037114
12481/18236:ERROR#100_100_1_ad83cfad-652f-449e-9086-4b9421fa95e0
12485/18236:ERROR#337_337_3_d6d645ca-142f-43d8-84e7-075d23cd5f13
12490/18236:ERROR#maligns_550_maligns_550_2_b396e4ad-451d-47ad-b49c-e06110a70e5f
12500/18236
12515/18236:ERROR#253_253_1_6a197e69-5a73-4531-bd63-0d1b1a4bcc3c
12515/18236:ERROR#253_253_1_6a197e69-5a73-4531-bd63-0d1b1a4bcc3c
12539/18236:ERROR#187_187_1_912fcc9f-3659-41b4-9c8d-662387d52ee3
12546/18236:ERROR#maligns_550_maligns_550_3_6c62507b-3c10-4f8e-9524-d757f07107aa
12546/18236:ERROR#maligns_550_maligns_550_3_6c62507b-3c10-4f8e-9524-d757f07107aa
12546/18236:ERROR#maligns_550_maligns_550_3_6c62507b-3c10-4f8e-9524-d757f07107aa
12546/18236:ERROR#maligns_550_maligns_550_3_6c62507b-3c10-4f8e-9524-d757f07107aa
12582/18236:ERROR#maligns_550_maligns_550_2_972ce07c-3fc9-4a4d-92aa-5c2694738dc1
12600/18236
12616/18236:ERROR#66_66_1_09c74544-89d9-4a4e-8030-39f69f6f4297
12622/18236:ERROR#235_235_1_f30e8d7f-6236-4f54-9b63-57088f34320d
12625/18236:ERROR#100_100_1_7bbe5f67-3d74-4a78-9462-8e907ce84642
12629/18236:ERROR#235_1
12645/18236:ERROR#maligns_545_maligns_545_1_a0a81a13-03f2-477a-8cce-a91be59e16b1
12645/18236:ERROR#maligns_545_maligns_545_1_a0a81a13-03f2-477a-8cce-a91be59e16b1
12647/18236:ERROR#283_283_1_bcd29731-1745-4e01-8f42-cf1285cc5bc5
12669/18236:ERROR#337_337_2_f01d07d9-8b90-45cc-b150-b0acf7daf13a
12683/18236:ERROR#113_113_1_bfd08b32-321d-467d-926a-ff8160435ebc
12689/18236:ERROR#maligns_545_maligns_545_1_df1d9d29-5777-48a1-a468-d76702e59b51
12700/18236
12771/18236:ERROR#313_313_1_32dc270d-17d9-4e60-a4af-277dcf238777
12800/18236
12821/18236:ERROR#219_219_1_0c4fffe8-f185-4246-a07a-0d8e1fd48cad
12821/18236:ERROR#219_219_1_0c4fffe8-f185-4246-a07a-0d8e1fd48cad
12838/18236:ERROR#maligns_563_maligns_563_2_1471e899-30d9-4549-96f4-fcce33f5d822
12846/18236:ERROR#206_206_1_5aabf49b-24d4-42f5-8f56-f8185a554e5e
12866/18236:ERROR#337_337_3_39f6528b-3218-4350-ad85-a4dac581b5bc
12883/18236:ERROR#170_170_1_c32d9804-29dc-428f-b45c-d7026dd0570b
12892/18236:ERROR#66_66_1_913bb202-56ed-4190-b3ab-107b6485237d
12900/18236
12914/18236:ERROR#163_163_1_18869477-50ba-4561-a776-667e4676d9e0
12939/18236:ERROR#80_80_1_6928ac14-5c3a-4795-85a5-d0c3de548bc7
12943/18236:ERROR#56_56_1_da75c981-6cb8-42b4-bad1-9b25a7aa8bef
12958/18236:ERROR#66_66_1_0f48d48f-b346-41db-8e52-f6ffdae23fc7
12969/18236:ERROR#163_163_1_4abfb3af-25f9-469f-8b39-0891ba3a69ea
12975/18236:ERROR#233_233_2_175911ed-ac9f-4492-b19b-85161a9d899f
13000/18236
13029/18236:ERROR#284_284_1_2b41eb95-a080-4043-8434-66bc3efa2a34
13032/18236:ERROR#170_170_1_c26e108a-baae-4577-8270-60bc5bb1d7ea
13033/18236:ERROR#187_187_1_bb8b9880-d399-4850-b84d-06dc860bb9dd
13042/18236:ERROR#342_342_1_0c243642-9ef0-44e1-b039-aa8385ff6c2e
13042/18236:ERROR#342_342_1_0c243642-9ef0-44e1-b039-aa8385ff6c2e
13042/18236:ERROR#342_342_1_0c243642-9ef0-44e1-b039-aa8385ff6c2e
13077/18236:ERROR#maligns_563_maligns_563_2_4b933897-3908-4b1a-bfa2-677967013145
13100/18236
13146/18236:ERROR#107_107_1_d987af15-782e-4d66-bc5a-a54f9bebf7ae
13200/18236
13213/18236:ERROR#156_156_2_ffc70132-16d0-43ae-82bf-c3cc4a8f76c3
13226/18236:ERROR#105_105_1_ed1ccfab-949f-4a65-a61f-905cb7227cf9
13258/18236:ERROR#maligns_601_maligns_601_1_94a1164d-b5f5-4a56-9a3e-1d92dd6840fa
13292/18236:ERROR#maligns_550_maligns_550_2_ae360249-8b55-43cc-ae65-cf0dcfa4bae3
13300/18236
13358/18236:ERROR#56_56_1_ab69c1d7-1e4e-4876-9e87-2c527a7b6b19
13366/18236:ERROR#maligns_549_maligns_549_1_3b6b9bd3-0ff0-4334-a803-824cd2356ebf
13379/18236:ERROR#177_177_2_9bd8d10b-f9aa-4193-a405-017f57a1d473
13385/18236:ERROR#106_106_4_85f07c85-874e-4d6d-927f-088381253d1b
13391/18236:ERROR#313_313_1_f32fe2e9-362a-4cbf-a3ca-99b01d2fd377
13400/18236
13406/18236:ERROR#107_107_1_ca54f740-42c0-4858-b7b5-0effb0fe3e97
13418/18236:ERROR#74_74_1_eb6173b3-0e88-4c0e-93af-600f14b56005
13424/18236:ERROR#maligns_550_maligns_550_3_e031940a-c7ac-418d-80da-5d4ad11a2edb
13424/18236:ERROR#maligns_550_maligns_550_3_e031940a-c7ac-418d-80da-5d4ad11a2edb
13472/18236:ERROR#113_113_1_ea867064-b283-4c0b-b10c-652fb2c51965
13499/18236:ERROR#212_212_1_2749fda7-7642-445d-8e6c-878dccb20ff3
13500/18236
13540/18236:ERROR#69_69_1_1cef132a-2c65-4ec2-b1e0-1c03c172ffdb
13543/18236:ERROR#106_106_4_632aba82-7768-4b99-8743-4d298a717881
13591/18236:ERROR#61_61_1_8192dc65-af4e-4692-b2cd-dfa17640f010
13600/18236
13654/18236:ERROR#66_66_1_b645a21c-f461-4530-91d7-b06619d7b4f0
13666/18236:ERROR#156_156_2_2a9abb27-260d-47e4-a9ab-a125689d8426
13673/18236:ERROR#maligns_545_maligns_545_1_a2755c8b-97b9-42ea-9cfe-6c7fa18d7974
13674/18236:ERROR#60_60_1_efdd8d25-266e-494c-862e-985f0430fbae
13698/18236:ERROR#maligns_563_maligns_563_2_225fb982-f645-4acd-abf7-c44d2b45d6cd
13700/18236
13705/18236:ERROR#219_219_1_1fd2186c-44f1-495c-9cdf-5779be4eed8e
13707/18236:ERROR#61_61_1_922ca531-c971-433c-9cf0-ccccc9a2fdde
13708/18236:ERROR#maligns_550_maligns_550_2_395b5b81-0e97-4fda-96d8-3a8d1ea9d290
13713/18236:ERROR#125_125_1_fba58d71-33a4-42b7-bea6-ea4fbc65557f
13722/18236:ERROR#163_163_1_ca0fd445-7510-45ee-9cce-8838ed69c47f
13725/18236:ERROR#61_61_1_1fe77910-a348-4ad1-9f7f-ac10af9d98d4
13745/18236:ERROR#337_337_2_786133de-d32e-4a2f-8444-87c6fd8f4405
13753/18236:ERROR#66_66_1_7ff01bf9-a0ca-4772-9dd5-971271d5d7b6
13765/18236:ERROR#maligns_545_maligns_545_1_fe335310-ff99-49b4-b163-6571eff8c0b6
13770/18236:ERROR#243_243_1_cf17673f-61a4-4208-8a0d-dcec45f97f54
13776/18236:ERROR#maligns_550_maligns_550_2_c4629916-7097-4312-aadb-564d94e4313d
13800/18236
13860/18236:ERROR#69_69_1_b6fd982e-2190-4748-a4e6-a0b30fcf646b
13873/18236:ERROR#100_100_1_658a4c9e-a914-4cc3-b805-b85f15276c09
13900/18236
13914/18236:ERROR#maligns_550_maligns_550_3_96ed5cf4-64d0-4ae7-9f13-9e818ea952c6
13914/18236:ERROR#maligns_550_maligns_550_3_96ed5cf4-64d0-4ae7-9f13-9e818ea952c6
13914/18236:ERROR#maligns_550_maligns_550_3_96ed5cf4-64d0-4ae7-9f13-9e818ea952c6
13918/18236:ERROR#maligns_601_maligns_601_1_7ab29cea-2da0-40a2-b1ec-3f9e7c8d1d94
13946/18236:ERROR#177_177_2_9d0b2661-1d36-4cc1-95d7-522e228ad8f9
13946/18236:ERROR#177_177_2_9d0b2661-1d36-4cc1-95d7-522e228ad8f9
13964/18236:ERROR#230_230_1_a84c211f-42b6-44ce-b560-df7ddbeb527d
13966/18236:ERROR#maligns_550_maligns_550_2_c3a51af1-dd1b-4725-8b38-c3ef21914697
13973/18236:ERROR#163_163_1_6a5d10c9-0998-406e-b764-9934881a4c82
13976/18236:ERROR#337_337_2_4ec47be8-00e2-4b34-9ff2-b872762db0d8
13976/18236:ERROR#337_337_2_4ec47be8-00e2-4b34-9ff2-b872762db0d8
13995/18236:ERROR#330_330_1_1e31f160-f7a3-4631-881e-030b95eed398
14000/18236
14006/18236:ERROR#84_84_1_5df9eae5-3f70-4249-94b6-fa3fe2e13f28
14006/18236:ERROR#84_84_1_5df9eae5-3f70-4249-94b6-fa3fe2e13f28
14016/18236:ERROR#maligns_639_maligns_639_1_a1c3fec5-ec25-47a1-b6b1-35dcd9956039
14021/18236:ERROR#337_337_2_2fb68f31-2752-4d09-9930-230691c6b66f
14072/18236:ERROR#156_156_2_9cbc8337-8ced-4fce-8138-12eff8b34f3e
14073/18236:ERROR#maligns_639_maligns_639_1_59099bfc-0d17-43b4-812d-f973a8281e76
14075/18236:ERROR#177_177_2_7837cf67-8966-4b09-8f05-c8f59d99ddb8
14100/18236
14101/18236:ERROR#243_243_1_eb05f0f4-7bfa-4df9-a116-c985e04e3392
14121/18236:ERROR#69_69_1_e0269123-ec93-4509-a36f-44a74dfe6579
14124/18236:ERROR#230_230_1_60e5124b-57b0-4d11-be05-239456c5e726
14132/18236:ERROR#337_337_2_dd7c19e0-c4a0-4e8f-a699-f88cba0c560e
14143/18236:ERROR#61_61_1_2b0e5dbb-7049-4ff3-9e2d-38b7c177fcf1
14147/18236:ERROR#237_237_1_38590a18-79a8-4374-a40b-b9b78c4e6320
14195/18236:ERROR#177_177_2_a94b239e-1724-4200-a41b-0d3c9f7e5831
14200/18236
14241/18236:ERROR#170_170_1_8df92ba9-af63-4547-ba52-70c405074b2a
14242/18236:ERROR#163_163_1_67d00394-cddd-4a9e-91cf-7de9b3836608
14254/18236:ERROR#253_253_1_a1e04d37-9ee0-40d6-bc59-1c2e69e72287
14300/18236
14350/18236:ERROR#100_100_1_d9e7b955-b661-46e6-813c-8dc3ddb7f4b2
14353/18236:ERROR#100_100_1_7f6ca71d-9cc0-4173-adb9-3d54514fdcb8
14353/18236:ERROR#100_100_1_7f6ca71d-9cc0-4173-adb9-3d54514fdcb8
14362/18236:ERROR#235_235_1_03d78a87-349a-4629-be48-e1b2b731b4f6
14368/18236:ERROR#69_69_1_eac03858-0ec4-42d8-924e-eadd54d24778
14374/18236:ERROR#367_367_2_39dd58d9-bc85-48ab-96f3-d093210d8f59
14383/18236:ERROR#246_246_1_1bb8c125-3f06-4aab-bb1c-b372d1bdae9d
14398/18236:ERROR#60_60_1_b7a65ac4-7e51-4944-ad8a-11d335f82862
14400/18236
14410/18236:ERROR#maligns_644_maligns_644_1_7f11db41-323c-4842-b41e-ceb8059d654b
14412/18236:ERROR#342_342_1_6728bc30-b27e-422c-acb4-2c29fa819546
14412/18236:ERROR#342_342_1_6728bc30-b27e-422c-acb4-2c29fa819546
14412/18236:ERROR#342_342_1_6728bc30-b27e-422c-acb4-2c29fa819546
14425/18236:ERROR#187_187_1_4ccab628-0ae9-47ca-9944-d70f30add68a
14439/18236:ERROR#36_36_1_f7ad4625-d7fc-403d-99cc-18bc3ce29c38
14454/18236:ERROR#107_107_1_339b3e42-5755-4718-b325-67f3c9601444
14466/18236:ERROR#100_100_1_dcfe240d-b39b-4c72-97a9-019bc504c93c
14466/18236:ERROR#100_100_1_dcfe240d-b39b-4c72-97a9-019bc504c93c
14478/18236:ERROR#maligns_601_1
14500/18236
14527/18236:ERROR#69_69_1_752071b8-7bd1-4b06-961e-c20e78100f55
14557/18236:ERROR#163_163_1_4d0a574b-a685-4740-ac10-77d27a99699a
14578/18236:ERROR#56_56_1_c817af28-6762-4f58-9bac-97d0ef8ee4c2
14581/18236:ERROR#337_337_3_090b814c-51b5-4c4c-9793-92b47b453758
14581/18236:ERROR#337_337_3_090b814c-51b5-4c4c-9793-92b47b453758
14581/18236:ERROR#337_337_3_090b814c-51b5-4c4c-9793-92b47b453758
14581/18236:ERROR#337_337_3_090b814c-51b5-4c4c-9793-92b47b453758
14598/18236:ERROR#maligns_550_maligns_550_2_7f46f123-3fb6-4bf0-93a8-82ba8fca1f05
14598/18236:ERROR#maligns_550_maligns_550_2_7f46f123-3fb6-4bf0-93a8-82ba8fca1f05
14600/18236
14676/18236:ERROR#330_330_1_4e048279-ca12-4953-9c27-c33e6ab76e4a
14691/18236:ERROR#maligns_563_maligns_563_2_94f7b3b0-e43f-4f69-a222-ce95b3cdb592
14695/18236:ERROR#60_60_1_92221801-5052-4de6-8f44-f6cce637ce8a
14700/18236
14703/18236:ERROR#maligns_550_maligns_550_2_3efff15a-cef4-42b0-a6c0-0062739d0525
14745/18236:ERROR#337_337_2_8a9f6052-75b5-4928-bed0-03e56203884f
14745/18236:ERROR#337_337_2_8a9f6052-75b5-4928-bed0-03e56203884f
14747/18236:ERROR#maligns_639_maligns_639_1_c1b71876-19c9-46e5-a938-812cc0587a56
14747/18236:ERROR#maligns_639_maligns_639_1_c1b71876-19c9-46e5-a938-812cc0587a56
14756/18236:ERROR#110_110_1_1b3f9602-577f-43fc-904f-bc5bd2e9b382
14756/18236:ERROR#110_110_1_1b3f9602-577f-43fc-904f-bc5bd2e9b382
14756/18236:ERROR#110_110_1_1b3f9602-577f-43fc-904f-bc5bd2e9b382
14759/18236:ERROR#66_66_1_5cbe8449-e531-49f7-8a3a-53814a76f18c
14759/18236:ERROR#66_66_1_5cbe8449-e531-49f7-8a3a-53814a76f18c
14764/18236:ERROR#170_170_1_25879496-0b81-43c0-ad7b-775cf8cd32ec
14768/18236:ERROR#110_110_1_53620b0a-6691-412b-b30e-ca5218b15e9b
14768/18236:ERROR#110_110_1_53620b0a-6691-412b-b30e-ca5218b15e9b
14768/18236:ERROR#110_110_1_53620b0a-6691-412b-b30e-ca5218b15e9b
14768/18236:ERROR#110_110_1_53620b0a-6691-412b-b30e-ca5218b15e9b
14775/18236:ERROR#337_337_2_0dd9bc96-1292-4228-a766-aedd1f71f0bd
14780/18236:ERROR#243_243_1_bec9dd9e-64b1-4007-aa66-e3d4004a1213
14800/18236
14806/18236:ERROR#337_337_3_46f7f32b-f5cb-44ed-9779-2316f14193cc
14825/18236:ERROR#72_72_1_e51fa7bb-88d0-4989-96ef-845b6a028f28
14836/18236:ERROR#maligns_550_maligns_550_2_a9ba6f75-fda8-4d51-9dca-78d50e83fc26
14855/18236:ERROR#330_330_1_816f7e13-6641-4ee1-b23a-ff7c5324909c
14873/18236:ERROR#maligns_550_maligns_550_3_dcf69b82-bf12-4624-b6ff-2b7e62267e6d
14873/18236:ERROR#maligns_550_maligns_550_3_dcf69b82-bf12-4624-b6ff-2b7e62267e6d
14878/18236:ERROR#274_274_1_b27d1bdf-729b-4140-a772-c6b068ffb356
14897/18236:ERROR#maligns_639_maligns_639_1_9476fd15-e60e-4f34-92b0-22764a315e71
14900/18236
14924/18236:ERROR#maligns_563_maligns_563_2_5d46b585-8962-4f1f-a30c-b4f644485a78
14932/18236:ERROR#342_342_1_566e3215-8d20-4b8c-bd03-1583f13b465e
14934/18236:ERROR#maligns_601_maligns_601_1_4456a664-89d4-4501-9278-8ee4542db2ed
14935/18236:ERROR#84_84_1_f29372e9-c6d6-45af-9bad-520a6f999312
14935/18236:ERROR#84_84_1_f29372e9-c6d6-45af-9bad-520a6f999312
14990/18236:ERROR#170_170_1_48d1e1a4-76bd-433c-a955-d2676b7b60d4
15000/18236
15100/18236
15103/18236:ERROR#367_367_2_2e690844-e5e6-4e6d-805d-ab7cf7f64f78
15120/18236:ERROR#maligns_550_maligns_550_2_412b8e46-8d12-400e-be5e-4c8c1760e856
15120/18236:ERROR#maligns_550_maligns_550_2_412b8e46-8d12-400e-be5e-4c8c1760e856
15136/18236:ERROR#177_177_2_97c8d7df-9bd3-4cbb-baba-ec869727f000
15154/18236:ERROR#156_156_2_0495f15e-980d-4df0-821d-1fa37f1681ec
15154/18236:ERROR#156_156_2_0495f15e-980d-4df0-821d-1fa37f1681ec
15154/18236:ERROR#156_156_2_0495f15e-980d-4df0-821d-1fa37f1681ec
15154/18236:ERROR#156_156_2_0495f15e-980d-4df0-821d-1fa37f1681ec
15154/18236:ERROR#156_156_2_0495f15e-980d-4df0-821d-1fa37f1681ec
15190/18236:ERROR#100_100_1_9882d526-6cc9-473d-96e9-1bf85e424b63
15191/18236:ERROR#maligns_550_maligns_550_3_f697ba0d-46d3-4cda-8c7d-cc8a65f64bdd
15191/18236:ERROR#maligns_550_maligns_550_3_f697ba0d-46d3-4cda-8c7d-cc8a65f64bdd
15191/18236:ERROR#maligns_550_maligns_550_3_f697ba0d-46d3-4cda-8c7d-cc8a65f64bdd
15191/18236:ERROR#maligns_550_maligns_550_3_f697ba0d-46d3-4cda-8c7d-cc8a65f64bdd
15191/18236:ERROR#maligns_550_maligns_550_3_f697ba0d-46d3-4cda-8c7d-cc8a65f64bdd
15195/18236:ERROR#187_187_1_8b3022e5-d4c1-46ba-ae03-f46737f3b54e
15200/18236
15220/18236:ERROR#337_337_3_8bfd831f-a3c3-49b1-bb18-f26f55a99ad0
15220/18236:ERROR#337_337_3_8bfd831f-a3c3-49b1-bb18-f26f55a99ad0
15220/18236:ERROR#337_337_3_8bfd831f-a3c3-49b1-bb18-f26f55a99ad0
15220/18236:ERROR#337_337_3_8bfd831f-a3c3-49b1-bb18-f26f55a99ad0
15220/18236:ERROR#337_337_3_8bfd831f-a3c3-49b1-bb18-f26f55a99ad0
15220/18236:ERROR#337_337_3_8bfd831f-a3c3-49b1-bb18-f26f55a99ad0
15234/18236:ERROR#367_367_2_5e296038-4d89-44ef-8b49-bf528688bc6f
15248/18236:ERROR#56_56_1_43174006-5783-4a43-860c-0223f63cb9d8
15272/18236:ERROR#337_337_2_59382193-1b1b-4113-bd31-91778760b5e9
15300/18236
15315/18236:ERROR#maligns_639_maligns_639_1_2e47604e-14a8-435f-a89c-4cf41af27525
15323/18236:ERROR#230_230_1_164febf1-fc30-4b99-b35f-0737c8024c20
15325/18236:ERROR#69_69_1_80350ad8-f12f-4bb7-834e-12f5cc377b51
15354/18236:ERROR#maligns_550_maligns_550_2_1224b3f4-4204-4b2d-95b9-7137265ae22a
15354/18236:ERROR#maligns_550_maligns_550_2_1224b3f4-4204-4b2d-95b9-7137265ae22a
15390/18236:ERROR#107_107_1_9d784dae-371d-4814-b24b-bbf5bfeffd6a
15392/18236:ERROR#66_66_1_0ac839a0-7896-47d7-b1d7-f69d8f6e4e91
15400/18236
15437/18236:ERROR#100_100_1_548cf774-7b1d-47cd-a9bf-d9f0fd9e9d2e
15468/18236:ERROR#maligns_549_maligns_549_1_5f3b2925-477f-4469-bc4c-48c3a36a425d
15500/18236
15554/18236:ERROR#230_230_1_d3269b07-3555-4879-bf25-3297c0939feb
15555/18236:ERROR#maligns_545_maligns_545_1_ed4ca582-53a1-420f-94df-a8632d3828f9
15567/18236:ERROR#367_367_2_bb30b1c0-f262-4ff7-8135-2403d8cca021
15567/18236:ERROR#367_367_2_bb30b1c0-f262-4ff7-8135-2403d8cca021
15594/18236:ERROR#maligns_639_maligns_639_1_5300eaf6-01e1-4c9f-93b1-fed3a3b5a6ce
15600/18236
15603/18236:ERROR#330_330_1_1d69a749-de99-46a7-ab41-244bb31d1424
15614/18236:ERROR#maligns_550_maligns_550_3_71dcb582-22e5-47fd-9f57-f4c676ae8317
15657/18236:ERROR#107_1
15667/18236:ERROR#110_110_1_ba00ce68-90a7-42b4-a997-242ad3bb90e8
15667/18236:ERROR#110_110_1_ba00ce68-90a7-42b4-a997-242ad3bb90e8
15669/18236:ERROR#231_231_1_da38a872-7a25-4afa-ad17-5704a0a0ed69
15682/18236:ERROR#maligns_563_maligns_563_2_1d23e7cd-5d8e-489f-a9df-06b6981870ca
15700/18236
15726/18236:ERROR#243_243_1_a06da0b7-7586-4560-88de-6e5fe4f376ac
15749/18236:ERROR#maligns_563_maligns_563_2_1cc99524-ba8a-4167-aad1-11bdea4639e6
15758/18236:ERROR#283_283_1_c2dbfa66-540e-48fe-9845-f3d903ff3f4e
15762/18236:ERROR#113_113_1_66ade44d-1025-42b2-9302-9e6b21294a1d
15785/18236:ERROR#230_230_1_1f34c62e-1253-4f0e-9202-6341b2f7ffc6
15800/18236
15819/18236:ERROR#274_274_1_10d25848-90fe-46ef-867e-8f31620bdcd3
15823/18236:ERROR#maligns_601_maligns_601_1_5ec7e51e-2cfb-47cc-96f1-28aebeef118c
15847/18236:ERROR#61_61_1_89b206d5-e08c-4dde-a15e-055a3da2e628
15857/18236:ERROR#246_246_1_74747401-2b8a-4b06-9e93-034ee79ee4e8
15877/18236:ERROR#246_246_1_2c389270-37ca-4e45-bf54-73611e23844c
15884/18236:ERROR#66_66_1_7bd4a5fc-9360-4005-8732-27cd193deb62
15889/18236:ERROR#230_230_1_4dfdc9ec-a184-4a60-b69a-5c17a7f6676c
15900/18236
15900/18236:ERROR#230_230_1_38e25e6e-779f-4710-84f2-d72348082fbd
15907/18236:ERROR#maligns_550_maligns_550_3_632a7f84-8ab0-4104-ba8a-7829e88f385e
15907/18236:ERROR#maligns_550_maligns_550_3_632a7f84-8ab0-4104-ba8a-7829e88f385e
15907/18236:ERROR#maligns_550_maligns_550_3_632a7f84-8ab0-4104-ba8a-7829e88f385e
15907/18236:ERROR#maligns_550_maligns_550_3_632a7f84-8ab0-4104-ba8a-7829e88f385e
15907/18236:ERROR#maligns_550_maligns_550_3_632a7f84-8ab0-4104-ba8a-7829e88f385e
15922/18236:ERROR#337_337_3_31b27496-080f-4438-aadb-d8564137cd2a
15922/18236:ERROR#337_337_3_31b27496-080f-4438-aadb-d8564137cd2a
15922/18236:ERROR#337_337_3_31b27496-080f-4438-aadb-d8564137cd2a
15922/18236:ERROR#337_337_3_31b27496-080f-4438-aadb-d8564137cd2a
15922/18236:ERROR#337_337_3_31b27496-080f-4438-aadb-d8564137cd2a
15922/18236:ERROR#337_337_3_31b27496-080f-4438-aadb-d8564137cd2a
15922/18236:ERROR#337_337_3_31b27496-080f-4438-aadb-d8564137cd2a
15968/18236:ERROR#330_330_1_e87502ec-ada3-4c4b-a173-018ce01222fe
15976/18236:ERROR#170_170_1_689def72-5154-4e4d-baf4-a00b8c777320
15992/18236:ERROR#maligns_639_maligns_639_1_f6cd2f91-466d-4439-9456-5ff200a6464a
15992/18236:ERROR#maligns_639_maligns_639_1_f6cd2f91-466d-4439-9456-5ff200a6464a
16000/18236
16000/18236:ERROR#maligns_601_maligns_601_1_a0db1e37-caee-4fa9-b2cb-9624a93513d9
16035/18236:ERROR#maligns_545_maligns_545_1_c9e422be-42d2-4ae8-8691-8e2ab6e77f26
16055/18236:ERROR#72_72_1_3ed9abe6-a600-4fe2-943b-63d36aa6f289
16055/18236:ERROR#72_72_1_3ed9abe6-a600-4fe2-943b-63d36aa6f289
16085/18236:ERROR#283_283_1_185ec11d-f937-4e69-aa2e-0586175fbf53
16087/18236:ERROR#56_56_1_0eef1728-f758-403c-9dfb-b4a7b50962c2
16100/18236
16102/18236:ERROR#189_189_2_30daf06b-054a-4537-9d7b-64cfa02999e4
16105/18236:ERROR#337_337_3_beadb9bf-7a0d-424f-b253-b3079b7b6dc6
16116/18236:ERROR#246_246_1_6b7da502-3089-4588-9d82-54e2a78d0997
16166/18236:ERROR#maligns_566_maligns_566_1_86dc0a19-5c2d-46d2-b158-8e494aa91a00
16191/18236:ERROR#69_69_1_7358452d-709e-49c4-9e52-36d21d61adb6
16200/18236
16200/18236:ERROR#maligns_601_maligns_601_1_1e783cd6-7903-4cfc-9bed-bc0fcaa0bdb0
16228/18236:ERROR#187_187_1_045a9cd9-9ede-4939-9380-07b8f741be29
16243/18236:ERROR#97_97_1_5192695c-f51d-4b09-9477-deaebe1c1c12
16246/18236:ERROR#60_60_1_69b7438a-e889-4639-860a-b60cbe97705e
16251/18236:ERROR#36_36_1_5e1be517-628c-43cc-914e-35e68ffa6cf2
16300/18236
16308/18236:ERROR#maligns_572_maligns_572_1_975decc0-706c-4f6a-8669-e752ce095b86
16308/18236:ERROR#maligns_572_maligns_572_1_975decc0-706c-4f6a-8669-e752ce095b86
16314/18236:ERROR#maligns_572_maligns_572_1_4e3113a4-d2f3-4927-94a3-db40672c63be
16400/18236
16405/18236:ERROR#36_36_1_f7bc8cda-66d5-4665-a835-43603e22158f
16405/18236:ERROR#36_36_1_f7bc8cda-66d5-4665-a835-43603e22158f
16438/18236:ERROR#235_235_1_0fdf30cb-d316-4f26-978a-8cd2d58ef199
16500/18236
16557/18236:ERROR#337_337_2_c9f7a2be-85a5-4aa4-8008-eafe20e4c416
16593/18236:ERROR#330_330_1_9de2aa71-cf47-468f-9f48-c08ebb4b6958
16600/18236
16607/18236:ERROR#maligns_545_maligns_545_1_c96ead49-d3bc-4dfc-a52c-3c617ae63606
16640/18236:ERROR#maligns_639_maligns_639_1_6967fe5d-be2c-4f85-aa62-fce656365378
16668/18236:ERROR#337_337_3_5cd6316a-4f3e-4189-b65e-761438dc0f12
16668/18236:ERROR#337_337_3_5cd6316a-4f3e-4189-b65e-761438dc0f12
16668/18236:ERROR#337_337_3_5cd6316a-4f3e-4189-b65e-761438dc0f12
16668/18236:ERROR#337_337_3_5cd6316a-4f3e-4189-b65e-761438dc0f12
16668/18236:ERROR#337_337_3_5cd6316a-4f3e-4189-b65e-761438dc0f12
16700/18236
16714/18236:ERROR#246_246_1_94d94b23-0c92-4a80-b006-9b98c7aeec6f
16782/18236:ERROR#66_66_1_2f429a80-7b29-4c4a-a295-f23c23779f00
16786/18236:ERROR#84_84_1_ae680dfd-3e97-40ba-b626-4cff025defc0
16791/18236:ERROR#maligns_550_maligns_550_2_7f381207-93e7-445a-97c4-f5f224a2e2d9
16800/18236
16816/18236:ERROR#60_60_1_c998ae31-9073-4a70-a5e1-5bad91256443
16821/18236:ERROR#80_80_1_de9bfad0-3b41-49f8-ac8f-3a17e7d1b140
16838/18236:ERROR#246_246_1_63c278dc-59e4-48e5-beec-a7586e27c1be
16842/18236:ERROR#maligns_572_maligns_572_1_cd4c335e-0234-4561-8d30-b577c86816b7
16842/18236:ERROR#maligns_572_maligns_572_1_cd4c335e-0234-4561-8d30-b577c86816b7
16870/18236:ERROR#60_60_1_d502d4df-c74b-4416-a278-aa5d4146edcc
16879/18236:ERROR#337_337_3_8ec025d5-aa8b-48a4-aacb-bb71adbd08bf
16892/18236:ERROR#170_170_1_cc1381ad-428a-4d95-9d4b-fc682711763a
16900/18236
16904/18236:ERROR#100_100_1_60c5b0a9-b1c7-418b-b349-203472e1477e
16919/18236:ERROR#156_156_2_6fc35135-ff4a-43a1-81e2-988e6de5a352
16919/18236:ERROR#156_156_2_6fc35135-ff4a-43a1-81e2-988e6de5a352
16963/18236:ERROR#66_66_1_5c5894ea-4dc4-4e59-8574-35bb7d8ce66d
16975/18236:ERROR#274_274_1_e3ced716-a32f-4a71-99a6-8b6b058b28ba
16987/18236:ERROR#243_243_1_17be2a28-01ed-4e20-8e41-a4d815f411cd
17000/18236
17010/18236:ERROR#61_61_1_d38645b3-e5c7-4bf8-bc22-6c31525872a8
17037/18236:ERROR#113_113_1_50e925fb-8e17-4157-b6e2-8f3ba4ec2d89
17067/18236:ERROR#100_100_1_d7850e7c-7f58-49ae-af45-2a59b97de477
17070/18236:ERROR#337_337_3_3f3b6b34-4219-4442-8f8c-65385daa471a
17070/18236:ERROR#337_337_3_3f3b6b34-4219-4442-8f8c-65385daa471a
17070/18236:ERROR#337_337_3_3f3b6b34-4219-4442-8f8c-65385daa471a
17070/18236:ERROR#337_337_3_3f3b6b34-4219-4442-8f8c-65385daa471a
17070/18236:ERROR#337_337_3_3f3b6b34-4219-4442-8f8c-65385daa471a
17093/18236:ERROR#100_100_1_6b59b09e-a53c-4163-8328-5ca8c645d2dc
17100/18236
17101/18236:ERROR#230_230_1_e7b18744-5d61-4685-9edd-a0d4f854005b
17111/18236:ERROR#330_330_1_cb8ad56d-4ebb-46f5-a135-fdc73a1757ce
17120/18236:ERROR#235_235_1_8bd77f63-12b0-4fe7-80cf-f32fa06db463
17128/18236:ERROR#107_107_1_a1a71cc5-bd7e-4c86-b608-c2d84bbbe555
17131/18236:ERROR#125_125_1_cf4e4ffb-1d62-4925-ba60-365afdf9b03c
17146/18236:ERROR#243_243_1_ac741844-9a33-4503-a3a2-59b2f6ba48e6
17168/18236:ERROR#69_69_1_6bd86e62-89f1-442d-b9c4-e3f98c99f5db
17170/18236:ERROR#56_56_1_8e25918d-5dc1-410b-b25a-bb4cc7eaa119
17176/18236:ERROR#235_235_1_961a0d6e-3ac6-4494-9369-2af88e186256
17200/18236
17207/18236:ERROR#107_107_1_880ca0fc-a31b-4a84-9408-dcbead021513
17245/18236:ERROR#maligns_601_maligns_601_1_36938e0a-11e3-4760-b8e9-a19da9459007
17300/18236
17348/18236:ERROR#56_1
17350/18236:ERROR#maligns_550_maligns_550_2_552c310c-9644-4797-a4d7-638287ee0928
17350/18236:ERROR#maligns_550_maligns_550_2_552c310c-9644-4797-a4d7-638287ee0928
17362/18236:ERROR#maligns_550_maligns_550_2_2f650744-b9c4-4e66-a7bd-1bab8d9a87c7
17377/18236:ERROR#maligns_545_maligns_545_1_2c2d3907-69cd-4568-8171-2f8678c28ac1
17383/18236:ERROR#313_313_1_d2179bc0-6c47-4442-b196-69625ac158ea
17383/18236:ERROR#313_313_1_d2179bc0-6c47-4442-b196-69625ac158ea
17400/18236
17402/18236:ERROR#283_283_1_aac8f0f2-7d2a-4c4c-85a6-507285b5db03
17402/18236:ERROR#283_283_1_aac8f0f2-7d2a-4c4c-85a6-507285b5db03
17405/18236:ERROR#337_337_3_8027c4de-fcda-4409-add1-4a914914e496
17405/18236:ERROR#337_337_3_8027c4de-fcda-4409-add1-4a914914e496
17405/18236:ERROR#337_337_3_8027c4de-fcda-4409-add1-4a914914e496
17405/18236:ERROR#337_337_3_8027c4de-fcda-4409-add1-4a914914e496
17405/18236:ERROR#337_337_3_8027c4de-fcda-4409-add1-4a914914e496
17432/18236:ERROR#36_36_1_450c2cc4-6b35-4386-aaad-dcf9127e2774
17436/18236:ERROR#69_69_1_bca35781-b951-47e3-b140-d4e8f6efd9df
17440/18236:ERROR#maligns_550_maligns_550_2_96d4ef2c-32c8-4b84-8e85-7d65b29c75a3
17442/18236:ERROR#246_246_1_5a45a770-c1ba-466f-9dd5-383ff748ef0f
17446/18236:ERROR#84_84_1_39de82dd-c857-4a33-8210-436ff450776b
17446/18236:ERROR#84_84_1_39de82dd-c857-4a33-8210-436ff450776b
17449/18236:ERROR#337_337_2_ebcb55dd-8809-4d6e-8bfb-384500d068ea
17469/18236:ERROR#maligns_550_maligns_550_2_5cef34fc-e32b-471c-a9ed-0f61242f8e1f
17469/18236:ERROR#maligns_550_maligns_550_2_5cef34fc-e32b-471c-a9ed-0f61242f8e1f
17489/18236:ERROR#maligns_601_maligns_601_1_0acc721b-1b6b-4ce8-b3cb-10222c117516
17500/18236
17534/18236:ERROR#187_187_1_baea6b0e-7064-4aaf-afba-b02c0a6a8b88
17536/18236:ERROR#maligns_550_maligns_550_3_652c1d4b-2875-436a-b194-5da3919049dd
17536/18236:ERROR#maligns_550_maligns_550_3_652c1d4b-2875-436a-b194-5da3919049dd
17536/18236:ERROR#maligns_550_maligns_550_3_652c1d4b-2875-436a-b194-5da3919049dd
17536/18236:ERROR#maligns_550_maligns_550_3_652c1d4b-2875-436a-b194-5da3919049dd
17555/18236:ERROR#maligns_550_maligns_550_2_8a5a1ddb-4216-4944-a524-63e4978432b0
17555/18236:ERROR#maligns_550_maligns_550_2_8a5a1ddb-4216-4944-a524-63e4978432b0
17563/18236:ERROR#maligns_601_maligns_601_1_e73e9f9d-d6bc-498b-859e-a6a9210f6408
17564/18236:ERROR#187_187_1_8378c043-7cee-40ce-a01b-02f8719d1161
17569/18236:ERROR#110_110_1_32ad8ca2-1d6f-4c7d-8a2a-afe4c17ccdda
17569/18236:ERROR#110_110_1_32ad8ca2-1d6f-4c7d-8a2a-afe4c17ccdda
17573/18236:ERROR#235_235_1_045954af-5deb-49a5-a09a-98689b504ffb
17596/18236:ERROR#274_274_1_783fa427-ba79-48db-b0dd-43520665bdcf
17600/18236
17608/18236:ERROR#243_243_1_a2c1a9c1-2d57-4761-b9ea-cc5921712ced
17655/18236:ERROR#156_156_2_7a263b85-b94b-4db1-a79b-1b9cb4ec07dd
17676/18236:ERROR#36_36_1_08d11b41-31d8-460c-9610-1ab9bbd8c82f
17698/18236:ERROR#274_274_1_67138d6a-572c-413b-910d-c2eabe00ef54
17700/18236
17729/18236:ERROR#maligns_644_maligns_644_1_a3090b49-c7bd-4804-8544-258f3e34b677
17730/18236:ERROR#113_113_1_d1979a86-be11-4032-ba49-1c5b963a53f4
17761/18236:ERROR#106_106_4_16ededf4-f11a-4e05-9809-ea8d776dc335
17800/18236
17800/18236:ERROR#125_125_1_f0dc245b-7ad7-4e15-8092-229704ecfb6c
17814/18236:ERROR#243_243_1_2ef36529-ef6f-4eec-8eeb-c4a48d30e539
17837/18236:ERROR#maligns_545_maligns_545_1_d3f018f7-ad0d-46b9-ad21-2e1c9fa1443d
17837/18236:ERROR#maligns_545_maligns_545_1_d3f018f7-ad0d-46b9-ad21-2e1c9fa1443d
17841/18236:ERROR#233_233_2_e7b6a583-e603-46f8-b752-c615a68be59f
17849/18236:ERROR#100_100_1_bf4e00bf-7c0c-4fa1-a876-62c58db56df2
17900/18236
17902/18236:ERROR#69_1
17908/18236:ERROR#274_274_1_138fe283-77c2-43c7-9b8b-c41ee5f283f3
17929/18236:ERROR#61_61_1_f8fb0db7-8bae-4b19-96be-e75634b9c332
17964/18236:ERROR#313_313_1_d7fa45f0-299d-402f-b0e4-2fdba4028458
17966/18236:ERROR#100_100_1_f04b6f58-b779-446b-ba14-af07e601d081
17989/18236:ERROR#210_210_3_67b3afae-2c52-4105-8f18-1396d89cd5e9
18000/18236
18022/18236:ERROR#177_177_2_a601ca6e-f3f0-4765-8dcc-f7974fbc30f6
18100/18236
18106/18236:ERROR#maligns_545_maligns_545_1_6bdb6300-a195-4199-b4e1-c1e41e0fcec3
18106/18236:ERROR#maligns_545_maligns_545_1_6bdb6300-a195-4199-b4e1-c1e41e0fcec3
18131/18236:ERROR#maligns_601_maligns_601_1_9513613c-deb7-4461-8f60-fd9ea067da1c
18179/18236:ERROR#337_337_3_416d870b-ff35-4e2c-a188-f77fe534548a
18179/18236:ERROR#337_337_3_416d870b-ff35-4e2c-a188-f77fe534548a
18179/18236:ERROR#337_337_3_416d870b-ff35-4e2c-a188-f77fe534548a
18179/18236:ERROR#337_337_3_416d870b-ff35-4e2c-a188-f77fe534548a
18200/18236
images: END
tests: START
0/24
tests: END
validations: START
0/30
2/30:ERROR#162_1
validations: END
