Traceback (most recent call last):
  File "process_DataAndMaskToCOCOPublic.py", line 16, in <module>
    from skimage import measure
ModuleNotFoundError: No module named 'skimage'
images: START
0/18236
100/18236
200/18236
300/18236
400/18236
500/18236
600/18236
700/18236
800/18236
900/18236
1000/18236
1100/18236
1200/18236
1300/18236
1400/18236
1500/18236
1600/18236
1700/18236
1800/18236
1900/18236
2000/18236
2100/18236
2200/18236
2300/18236
2400/18236
2500/18236
2600/18236
2700/18236
2800/18236
2900/18236
3000/18236
3100/18236
3200/18236
3300/18236
3400/18236
3500/18236
3600/18236
3700/18236
3800/18236
3900/18236
4000/18236
4100/18236
4200/18236
4300/18236
4400/18236
4500/18236
4600/18236
4700/18236
4800/18236
4900/18236
5000/18236
5100/18236
5200/18236
5300/18236
5400/18236
5500/18236
5600/18236
5700/18236
5800/18236
5900/18236
6000/18236
6100/18236
6200/18236
6300/18236
6400/18236
6500/18236
6600/18236
6700/18236
6800/18236
6900/18236
7000/18236
7100/18236
7200/18236
7300/18236
7400/18236
7500/18236
7600/18236
7700/18236
7800/18236
7900/18236
8000/18236
8100/18236
8200/18236
8300/18236
8400/18236
8500/18236
8600/18236
8700/18236
8800/18236
8900/18236
9000/18236
9100/18236
9200/18236
9300/18236
9400/18236
9500/18236
9600/18236
9700/18236
9800/18236
9900/18236
10000/18236
10100/18236
10200/18236
10300/18236
10400/18236
10500/18236
10600/18236
10700/18236
10800/18236
10900/18236
11000/18236
11100/18236
11200/18236
11300/18236
11400/18236
11500/18236
11600/18236
11700/18236
11800/18236
11900/18236
12000/18236
12100/18236
12200/18236
12300/18236
12400/18236
12500/18236
12600/18236
12700/18236
12800/18236
12900/18236
13000/18236
13100/18236
13200/18236
13300/18236
13400/18236
13500/18236
13600/18236
13700/18236
13800/18236
13900/18236
14000/18236
14100/18236
14200/18236
14300/18236
14400/18236
14500/18236
14600/18236
14700/18236
14800/18236
14900/18236
15000/18236
15100/18236
15200/18236
15300/18236
15400/18236
15500/18236
15600/18236
15700/18236
15800/18236
15900/18236
16000/18236
16100/18236
16200/18236
16300/18236
16400/18236
16500/18236
16600/18236
16700/18236
16800/18236
16900/18236
17000/18236
17100/18236
17200/18236
17300/18236
17400/18236
17500/18236
17600/18236
17700/18236
17800/18236
17900/18236
18000/18236
18100/18236
18200/18236
images: END
tests: START
0/24
tests: END
validations: START
0/30
validations: END
